10:56:17,478 DEBUG main AddFavoriteHotelsSteps:addFavoriteHotels:18 - Click on the favorite button of the first hotel from the hotels list.
 Button xPath: //div[@id='hotellist_inner']/div[1]//div[@class='wl-entry-container']/button
10:56:19,438 DEBUG main AddFavoriteHotelsSteps:addFavoriteHotels:21 - Click on the favorite button of the last hotel from the hotels list.
 Button xPath: //div[@id='hotellist_inner']/div[last()-1]//div[@class='wl-entry-container']/button
10:56:20,856 DEBUG main AddFavoriteHotelsSteps:getFirstHotelName:39 - Get name of the first hotel from the hotels list.
 Name of the first hotel xPath: //*[@id='hotellist_inner']/div[1]//a[@class='hotel_name_link url']/*[1]
10:56:20,959 DEBUG main AddFavoriteHotelsSteps:getLastHotelName:45 - Get name of the last hotel from the hotels list.
 Name of the last hotel xPath: //*[@id='hotellist_inner']/div[last()-1]//a[@class='hotel_name_link url']/*[1]
10:56:21,054 DEBUG main AddFavoriteHotelsSteps:getFirstHotelFavoriteButtonColor:27 - Get css value "fill" of the favorite button of the first hotel from the hotels list.
 Svg of the favorite button xPath: //*[@id='hotellist_inner']/div[1]//button/*[1]
10:56:21,156 DEBUG main AddFavoriteHotelsSteps:getLastHotelFavoriteButtonColor:33 - Get css value "fill" of the favorite button of the last hotel from the hotels list.
 Svg of the favorite button xPath: //*[@id='hotellist_inner']/div[last()-1]//button/*[1]
10:56:26,967 DEBUG main AddFavoriteHotelsSteps:getFirstHotelNameFromWishList:51 - Get name of the first hotel from the wish list.
 Name of the first hotel xPath: //li[1][@class='bui-carousel__item']//*[@class='bui-card__header']//a
10:56:27,023 DEBUG main AddFavoriteHotelsSteps:getSecondHotelNameFromWishList:57 - Get name of the second hotel from the wish list.
 Name of the second hotel xPath: //li[2][@class='bui-carousel__item']//*[@class='bui-card__header']//a
11:10:46,389 DEBUG main AddFavoriteHotelsSteps:logIn:23 - Click to the sign in link.
 Sign in link xPath: //li[@id='current_account']/a
11:10:49,836 DEBUG main AddFavoriteHotelsSteps:logIn:26 - Click to the sign in link.
 Sign in link xPath: //li[@id='current_account']/a
11:11:01,873 DEBUG main AddFavoriteHotelsSteps:addFavoriteHotels:18 - Click on the favorite button of the first hotel from the hotels list.
 Button xPath: //div[@id='hotellist_inner']/div[1]//div[@class='wl-entry-container']/button
11:11:03,912 DEBUG main AddFavoriteHotelsSteps:addFavoriteHotels:21 - Click on the favorite button of the last hotel from the hotels list.
 Button xPath: //div[@id='hotellist_inner']/div[last()-1]//div[@class='wl-entry-container']/button
11:11:05,416 DEBUG main AddFavoriteHotelsSteps:getFirstHotelName:39 - Get name of the first hotel from the hotels list.
 Name of the first hotel xPath: //*[@id='hotellist_inner']/div[1]//a[@class='hotel_name_link url']/*[1]
11:11:05,574 DEBUG main AddFavoriteHotelsSteps:getLastHotelName:45 - Get name of the last hotel from the hotels list.
 Name of the last hotel xPath: //*[@id='hotellist_inner']/div[last()-1]//a[@class='hotel_name_link url']/*[1]
11:11:05,689 DEBUG main AddFavoriteHotelsSteps:getFirstHotelFavoriteButtonColor:27 - Get css value "fill" of the favorite button of the first hotel from the hotels list.
 Svg of the favorite button xPath: //*[@id='hotellist_inner']/div[1]//button/*[1]
11:11:05,808 DEBUG main AddFavoriteHotelsSteps:getLastHotelFavoriteButtonColor:33 - Get css value "fill" of the favorite button of the last hotel from the hotels list.
 Svg of the favorite button xPath: //*[@id='hotellist_inner']/div[last()-1]//button/*[1]
11:11:11,672 DEBUG main AddFavoriteHotelsSteps:getFirstHotelNameFromWishList:51 - Get name of the first hotel from the wish list.
 Name of the first hotel xPath: //li[1][@class='bui-carousel__item']//*[@class='bui-card__header']//a
11:11:11,731 DEBUG main AddFavoriteHotelsSteps:getSecondHotelNameFromWishList:57 - Get name of the second hotel from the wish list.
 Name of the second hotel xPath: //li[2][@class='bui-carousel__item']//*[@class='bui-card__header']//a
13:12:07,472  INFO main ChangeColorTest:preCondition:35 - ChangeColorTest started execution
13:12:11,202 DEBUG main CommonSteps:setCityDate:41 - Clear the City search field.
 City search field xPath: //input[@id='ss']
13:12:11,489 DEBUG main CommonSteps:setCityDate:44 - Type Oslo to the City search field.
 City search field xPath: //input[@id='ss']
13:12:13,425 DEBUG main CommonSteps:setCityDate:47 - Click the Check In button.
 Check In button xPath: //div[@class='xp__dates-inner']/div[2]//span[@class='sb-date-field__icon sb-date-field__icon-btn bk-svg-wrapper calendar-restructure-sb']
13:12:13,643 DEBUG main CommonSteps:setCityDate:50 - Choose and click the StartDate.
 StartDate xPath: //td[@data-date='" + startDate + "']
13:12:13,857 DEBUG main CommonSteps:setCityDate:53 - Choose and click the EndDate.
 EndDate xPath: //td[@data-date='" + endDate + "']
13:12:14,010 DEBUG main CommonSteps:setGuests:83 - Click Guests toggle.
 Guests toggle xPath: //*[@class='xp__guests__count']
13:12:14,111 DEBUG main CommonSteps:setGuests:86 - Set adults amount = 2
13:12:14,112 DEBUG main CommonSteps:setGuests:88 - Set children amount = 1
13:12:14,112 DEBUG main CommonSteps:setChildren:68 - Click Add children button.
 Add children button xPath: //button[@aria-describedby='group_children_desc'][2]
13:12:14,276 DEBUG main CommonSteps:setGuests:90 - Set rooms amount = 1
13:12:14,277 DEBUG main CommonSteps:submitButtonClick:108 - Click Guests toggle.
 Guests toggle xPath: //*[@class='xp__guests__count']
13:12:19,185 DEBUG main CommonSteps:setThreeStarsHotel:114 - Click Three Stars checkbox.
 Three Stars checkbox xPath: //a[@data-id='class-3']
13:12:20,908 DEBUG main CommonSteps:setFourStarsHotel:120 - Click Four Stars checkbox.
 Four Stars checkbox xPath: //a[@data-id='class-4']
13:12:25,460 DEBUG main ChangeColorSteps:scrollToTenthHotel:17 - Scroll to the tenth hotel.
 Tenth hotel xPath: //div[@id='hotellist_inner']/div[10]
13:12:25,655 DEBUG main ChangeColorSteps:changeTenthHotelNameColor:24 - Change color of the tenth hotel name.
 Tenth hotel name xPath: //div[@id='hotellist_inner']/div[10]//h3/a/span[1]
13:12:25,933 DEBUG main ChangeColorSteps:changeTenthHotelNameColor:24 - Change color of the tenth hotel name.
 Tenth hotel name xPath: //div[@id='hotellist_inner']/div[10]//h3/a/span[1]
13:12:26,125  INFO main ChangeColorTest:postCondition:65 - ChangeColorTest finished execution
13:15:00,507 DEBUG main CommonSteps:setCityDate:41 - Clear the City search field.
 City search field xPath: //input[@id='ss']
13:15:02,218 DEBUG main CommonSteps:setCityDate:44 - Type Oslo to the City search field.
 City search field xPath: //input[@id='ss']
13:15:02,499 DEBUG main CommonSteps:setCityDate:47 - Click the Check In button.
 Check In button xPath: //div[@class='xp__dates-inner']/div[2]//span[@class='sb-date-field__icon sb-date-field__icon-btn bk-svg-wrapper calendar-restructure-sb']
13:15:03,171 DEBUG main CommonSteps:setCityDate:50 - Choose and click the StartDate.
 StartDate xPath: //td[@data-date='" + startDate + "']
13:15:03,415 DEBUG main CommonSteps:setCityDate:53 - Choose and click the EndDate.
 EndDate xPath: //td[@data-date='" + endDate + "']
13:15:03,645 DEBUG main CommonSteps:setGuests:83 - Click Guests toggle.
 Guests toggle xPath: //*[@class='xp__guests__count']
13:15:03,760 DEBUG main CommonSteps:setGuests:86 - Set adults amount = 2
13:15:03,761 DEBUG main CommonSteps:setGuests:88 - Set children amount = 1
13:15:03,761 DEBUG main CommonSteps:setChildren:68 - Click Add children button.
 Add children button xPath: //button[@aria-describedby='group_children_desc'][2]
13:15:03,936 DEBUG main CommonSteps:setGuests:90 - Set rooms amount = 1
13:15:03,937 DEBUG main CommonSteps:submitButtonClick:108 - Click Guests toggle.
 Guests toggle xPath: //*[@class='xp__guests__count']
13:15:08,652 DEBUG main CommonSteps:setThreeStarsHotel:114 - Click Three Stars checkbox.
 Three Stars checkbox xPath: //a[@data-id='class-3']
13:15:09,856 DEBUG main CommonSteps:setFourStarsHotel:120 - Click Four Stars checkbox.
 Four Stars checkbox xPath: //a[@data-id='class-4']
13:15:15,144 DEBUG main ChangeColorSteps:scrollToTenthHotel:17 - Scroll to the tenth hotel.
 Tenth hotel xPath: //div[@id='hotellist_inner']/div[10]
13:15:15,248 DEBUG main ChangeColorSteps:changeTenthHotelNameColor:24 - Change color of the tenth hotel name.
 Tenth hotel name xPath: //div[@id='hotellist_inner']/div[10]//h3/a/span[1]
13:15:15,354 DEBUG main ChangeColorSteps:changeTenthHotelNameColor:24 - Change color of the tenth hotel name.
 Tenth hotel name xPath: //div[@id='hotellist_inner']/div[10]//h3/a/span[1]
13:16:39,350 DEBUG main RequestAddCookies:process:123 - CookieSpec selected: default
13:16:39,365 DEBUG main RequestAuthCache:process:77 - Auth cache not set in the context
13:16:39,365 DEBUG main PoolingHttpClientConnectionManager:requestConnection:267 - Connection request: [route: {}->http://178.124.206.46:8001][total available: 0; route allocated: 0 of 2; total allocated: 0 of 20]
13:16:39,403 DEBUG main PoolingHttpClientConnectionManager:leaseConnection:312 - Connection leased: [id: 0][route: {}->http://178.124.206.46:8001][total available: 0; route allocated: 1 of 2; total allocated: 1 of 20]
13:16:39,403 DEBUG main MainClientExec:execute:234 - Opening connection {}->http://178.124.206.46:8001
13:16:39,403 DEBUG main DefaultHttpClientConnectionOperator:connect:139 - Connecting to /178.124.206.46:8001
13:16:39,403 DEBUG main DefaultHttpClientConnectionOperator:connect:146 - Connection established 192.168.100.122:53902<->178.124.206.46:8001
13:16:39,419 DEBUG main MainClientExec:execute:255 - Executing request POST /app/ws/ HTTP/1.1
13:16:39,419 DEBUG main MainClientExec:execute:260 - Target auth state: UNCHALLENGED
13:16:39,419 DEBUG main MainClientExec:execute:266 - Proxy auth state: UNCHALLENGED
13:16:39,419 DEBUG main headers:onRequestSubmitted:133 - http-outgoing-0 >> POST /app/ws/ HTTP/1.1
13:16:39,419 DEBUG main headers:onRequestSubmitted:136 - http-outgoing-0 >> Content-Length: 27
13:16:39,419 DEBUG main headers:onRequestSubmitted:136 - http-outgoing-0 >> Content-Type: text/plain; charset=ISO-8859-1
13:16:39,419 DEBUG main headers:onRequestSubmitted:136 - http-outgoing-0 >> Host: 178.124.206.46:8001
13:16:39,419 DEBUG main headers:onRequestSubmitted:136 - http-outgoing-0 >> Connection: Keep-Alive
13:16:39,419 DEBUG main headers:onRequestSubmitted:136 - http-outgoing-0 >> User-Agent: Apache-HttpClient/4.5.12 (Java/1.8.0_231)
13:16:39,419 DEBUG main headers:onRequestSubmitted:136 - http-outgoing-0 >> Accept-Encoding: gzip,deflate
13:16:39,419 DEBUG main wire:wire:73 - http-outgoing-0 >> "POST /app/ws/ HTTP/1.1[\r][\n]"
13:16:39,419 DEBUG main wire:wire:73 - http-outgoing-0 >> "Content-Length: 27[\r][\n]"
13:16:39,419 DEBUG main wire:wire:73 - http-outgoing-0 >> "Content-Type: text/plain; charset=ISO-8859-1[\r][\n]"
13:16:39,419 DEBUG main wire:wire:73 - http-outgoing-0 >> "Host: 178.124.206.46:8001[\r][\n]"
13:16:39,419 DEBUG main wire:wire:73 - http-outgoing-0 >> "Connection: Keep-Alive[\r][\n]"
13:16:39,419 DEBUG main wire:wire:73 - http-outgoing-0 >> "User-Agent: Apache-HttpClient/4.5.12 (Java/1.8.0_231)[\r][\n]"
13:16:39,419 DEBUG main wire:wire:73 - http-outgoing-0 >> "Accept-Encoding: gzip,deflate[\r][\n]"
13:16:39,419 DEBUG main wire:wire:73 - http-outgoing-0 >> "[\r][\n]"
13:16:39,419 DEBUG main wire:wire:87 - http-outgoing-0 >> "{"user":"l","strict":false}"
13:16:39,434 DEBUG main wire:wire:73 - http-outgoing-0 << "HTTP/1.1 200 OK[\r][\n]"
13:16:39,434 DEBUG main wire:wire:73 - http-outgoing-0 << "Date: Thu, 18 Jun 2020 10:16:39 GMT[\r][\n]"
13:16:39,434 DEBUG main wire:wire:73 - http-outgoing-0 << "Server: Apache/2.4.38 (Debian)[\r][\n]"
13:16:39,434 DEBUG main wire:wire:73 - http-outgoing-0 << "X-Powered-By: PHP/7.4.1[\r][\n]"
13:16:39,434 DEBUG main wire:wire:73 - http-outgoing-0 << "Content-Length: 233[\r][\n]"
13:16:39,434 DEBUG main wire:wire:73 - http-outgoing-0 << "Keep-Alive: timeout=5, max=100[\r][\n]"
13:16:39,434 DEBUG main wire:wire:73 - http-outgoing-0 << "Connection: Keep-Alive[\r][\n]"
13:16:39,434 DEBUG main wire:wire:73 - http-outgoing-0 << "Content-Type: web_service/json; charset=utf-8[\r][\n]"
13:16:39,434 DEBUG main wire:wire:73 - http-outgoing-0 << "[\r][\n]"
13:16:39,434 DEBUG main wire:wire:73 - http-outgoing-0 << "{[\n]"
13:16:39,450 DEBUG main wire:wire:73 - http-outgoing-0 << "    "code": "0",[\n]"
13:16:39,450 DEBUG main wire:wire:73 - http-outgoing-0 << "    "data": [[\n]"
13:16:39,450 DEBUG main wire:wire:73 - http-outgoing-0 << "        {[\n]"
13:16:39,450 DEBUG main wire:wire:73 - http-outgoing-0 << "            "id": "2",[\n]"
13:16:39,450 DEBUG main wire:wire:73 - http-outgoing-0 << "            "username": "saldo",[\n]"
13:16:39,450 DEBUG main wire:wire:73 - http-outgoing-0 << "            "realname": "Saldo Rush",[\n]"
13:16:39,450 DEBUG main wire:wire:73 - http-outgoing-0 << "            "password": "hro8052w",[\n]"
13:16:39,450 DEBUG main wire:wire:73 - http-outgoing-0 << "            "email": "saldo.rush@mail.com"[\n]"
13:16:39,450 DEBUG main wire:wire:73 - http-outgoing-0 << "        }[\n]"
13:16:39,450 DEBUG main wire:wire:73 - http-outgoing-0 << "    ][\n]"
13:16:39,450 DEBUG main wire:wire:87 - http-outgoing-0 << "}"
13:16:39,450 DEBUG main headers:onResponseReceived:122 - http-outgoing-0 << HTTP/1.1 200 OK
13:16:39,450 DEBUG main headers:onResponseReceived:125 - http-outgoing-0 << Date: Thu, 18 Jun 2020 10:16:39 GMT
13:16:39,450 DEBUG main headers:onResponseReceived:125 - http-outgoing-0 << Server: Apache/2.4.38 (Debian)
13:16:39,450 DEBUG main headers:onResponseReceived:125 - http-outgoing-0 << X-Powered-By: PHP/7.4.1
13:16:39,450 DEBUG main headers:onResponseReceived:125 - http-outgoing-0 << Content-Length: 233
13:16:39,450 DEBUG main headers:onResponseReceived:125 - http-outgoing-0 << Keep-Alive: timeout=5, max=100
13:16:39,450 DEBUG main headers:onResponseReceived:125 - http-outgoing-0 << Connection: Keep-Alive
13:16:39,450 DEBUG main headers:onResponseReceived:125 - http-outgoing-0 << Content-Type: web_service/json; charset=utf-8
13:16:39,466 DEBUG main MainClientExec:execute:285 - Connection can be kept alive for 5000 MILLISECONDS
13:16:39,466 DEBUG main PoolingHttpClientConnectionManager:releaseConnection:344 - Connection [id: 0][route: {}->http://178.124.206.46:8001] can be kept alive for 5.0 seconds
13:16:39,466 DEBUG main DefaultManagedHttpClientConnection:setSocketTimeout:88 - http-outgoing-0: set socket timeout to 0
13:16:39,466 DEBUG main PoolingHttpClientConnectionManager:releaseConnection:351 - Connection released: [id: 0][route: {}->http://178.124.206.46:8001][total available: 1; route allocated: 1 of 2; total allocated: 1 of 20]
13:16:39,503 DEBUG main RequestAddCookies:process:123 - CookieSpec selected: default
13:16:39,503 DEBUG main RequestAuthCache:process:77 - Auth cache not set in the context
13:16:39,503 DEBUG main PoolingHttpClientConnectionManager:requestConnection:267 - Connection request: [route: {}->http://178.124.206.46:8001][total available: 0; route allocated: 0 of 2; total allocated: 0 of 20]
13:16:39,503 DEBUG main PoolingHttpClientConnectionManager:leaseConnection:312 - Connection leased: [id: 1][route: {}->http://178.124.206.46:8001][total available: 0; route allocated: 1 of 2; total allocated: 1 of 20]
13:16:39,503 DEBUG main MainClientExec:execute:234 - Opening connection {}->http://178.124.206.46:8001
13:16:39,503 DEBUG main DefaultHttpClientConnectionOperator:connect:139 - Connecting to /178.124.206.46:8001
13:16:39,503 DEBUG main DefaultHttpClientConnectionOperator:connect:146 - Connection established 192.168.100.122:53903<->178.124.206.46:8001
13:16:39,503 DEBUG main MainClientExec:execute:255 - Executing request POST /app/ws/ HTTP/1.1
13:16:39,503 DEBUG main MainClientExec:execute:260 - Target auth state: UNCHALLENGED
13:16:39,503 DEBUG main MainClientExec:execute:266 - Proxy auth state: UNCHALLENGED
13:16:39,503 DEBUG main headers:onRequestSubmitted:133 - http-outgoing-1 >> POST /app/ws/ HTTP/1.1
13:16:39,503 DEBUG main headers:onRequestSubmitted:136 - http-outgoing-1 >> Content-Length: 35
13:16:39,503 DEBUG main headers:onRequestSubmitted:136 - http-outgoing-1 >> Content-Type: text/plain; charset=ISO-8859-1
13:16:39,503 DEBUG main headers:onRequestSubmitted:136 - http-outgoing-1 >> Host: 178.124.206.46:8001
13:16:39,503 DEBUG main headers:onRequestSubmitted:136 - http-outgoing-1 >> Connection: Keep-Alive
13:16:39,519 DEBUG main headers:onRequestSubmitted:136 - http-outgoing-1 >> User-Agent: Apache-HttpClient/4.5.12 (Java/1.8.0_231)
13:16:39,519 DEBUG main headers:onRequestSubmitted:136 - http-outgoing-1 >> Accept-Encoding: gzip,deflate
13:16:39,519 DEBUG main wire:wire:73 - http-outgoing-1 >> "POST /app/ws/ HTTP/1.1[\r][\n]"
13:16:39,519 DEBUG main wire:wire:73 - http-outgoing-1 >> "Content-Length: 35[\r][\n]"
13:16:39,519 DEBUG main wire:wire:73 - http-outgoing-1 >> "Content-Type: text/plain; charset=ISO-8859-1[\r][\n]"
13:16:39,519 DEBUG main wire:wire:73 - http-outgoing-1 >> "Host: 178.124.206.46:8001[\r][\n]"
13:16:39,519 DEBUG main wire:wire:73 - http-outgoing-1 >> "Connection: Keep-Alive[\r][\n]"
13:16:39,519 DEBUG main wire:wire:73 - http-outgoing-1 >> "User-Agent: Apache-HttpClient/4.5.12 (Java/1.8.0_231)[\r][\n]"
13:16:39,519 DEBUG main wire:wire:73 - http-outgoing-1 >> "Accept-Encoding: gzip,deflate[\r][\n]"
13:16:39,519 DEBUG main wire:wire:73 - http-outgoing-1 >> "[\r][\n]"
13:16:39,519 DEBUG main wire:wire:87 - http-outgoing-1 >> "{"user":"rangaradj","strict":false}"
13:16:39,519 DEBUG main wire:wire:73 - http-outgoing-1 << "HTTP/1.1 200 OK[\r][\n]"
13:16:39,519 DEBUG main wire:wire:73 - http-outgoing-1 << "Date: Thu, 18 Jun 2020 10:16:40 GMT[\r][\n]"
13:16:39,519 DEBUG main wire:wire:73 - http-outgoing-1 << "Server: Apache/2.4.38 (Debian)[\r][\n]"
13:16:39,519 DEBUG main wire:wire:73 - http-outgoing-1 << "X-Powered-By: PHP/7.4.1[\r][\n]"
13:16:39,519 DEBUG main wire:wire:73 - http-outgoing-1 << "Content-Length: 261[\r][\n]"
13:16:39,535 DEBUG main wire:wire:73 - http-outgoing-1 << "Keep-Alive: timeout=5, max=100[\r][\n]"
13:16:39,535 DEBUG main wire:wire:73 - http-outgoing-1 << "Connection: Keep-Alive[\r][\n]"
13:16:39,535 DEBUG main wire:wire:73 - http-outgoing-1 << "Content-Type: web_service/json; charset=utf-8[\r][\n]"
13:16:39,535 DEBUG main wire:wire:73 - http-outgoing-1 << "[\r][\n]"
13:16:39,535 DEBUG main wire:wire:73 - http-outgoing-1 << "{[\n]"
13:16:39,535 DEBUG main wire:wire:73 - http-outgoing-1 << "    "code": "0",[\n]"
13:16:39,535 DEBUG main wire:wire:73 - http-outgoing-1 << "    "data": [[\n]"
13:16:39,535 DEBUG main wire:wire:73 - http-outgoing-1 << "        {[\n]"
13:16:39,535 DEBUG main wire:wire:73 - http-outgoing-1 << "            "id": "6",[\n]"
13:16:39,535 DEBUG main wire:wire:73 - http-outgoing-1 << "            "username": "rangaradjangoo",[\n]"
13:16:39,535 DEBUG main wire:wire:73 - http-outgoing-1 << "            "realname": "Rangaradjan Radjesh",[\n]"
13:16:39,535 DEBUG main wire:wire:73 - http-outgoing-1 << "            "password": "bbRfw76rb",[\n]"
13:16:39,535 DEBUG main wire:wire:73 - http-outgoing-1 << "            "email": "rangaradjan.radjesh@mail.com"[\n]"
13:16:39,535 DEBUG main wire:wire:73 - http-outgoing-1 << "        }[\n]"
13:16:39,535 DEBUG main wire:wire:73 - http-outgoing-1 << "    ][\n]"
13:16:39,535 DEBUG main wire:wire:87 - http-outgoing-1 << "}"
13:16:39,535 DEBUG main headers:onResponseReceived:122 - http-outgoing-1 << HTTP/1.1 200 OK
13:16:39,535 DEBUG main headers:onResponseReceived:125 - http-outgoing-1 << Date: Thu, 18 Jun 2020 10:16:40 GMT
13:16:39,535 DEBUG main headers:onResponseReceived:125 - http-outgoing-1 << Server: Apache/2.4.38 (Debian)
13:16:39,535 DEBUG main headers:onResponseReceived:125 - http-outgoing-1 << X-Powered-By: PHP/7.4.1
13:16:39,535 DEBUG main headers:onResponseReceived:125 - http-outgoing-1 << Content-Length: 261
13:16:39,535 DEBUG main headers:onResponseReceived:125 - http-outgoing-1 << Keep-Alive: timeout=5, max=100
13:16:39,535 DEBUG main headers:onResponseReceived:125 - http-outgoing-1 << Connection: Keep-Alive
13:16:39,535 DEBUG main headers:onResponseReceived:125 - http-outgoing-1 << Content-Type: web_service/json; charset=utf-8
13:16:39,535 DEBUG main MainClientExec:execute:285 - Connection can be kept alive for 5000 MILLISECONDS
13:16:39,535 DEBUG main PoolingHttpClientConnectionManager:releaseConnection:344 - Connection [id: 1][route: {}->http://178.124.206.46:8001] can be kept alive for 5.0 seconds
13:16:39,535 DEBUG main DefaultManagedHttpClientConnection:setSocketTimeout:88 - http-outgoing-1: set socket timeout to 0
13:16:39,535 DEBUG main PoolingHttpClientConnectionManager:releaseConnection:351 - Connection released: [id: 1][route: {}->http://178.124.206.46:8001][total available: 1; route allocated: 1 of 2; total allocated: 1 of 20]
13:16:39,550 DEBUG main RequestAddCookies:process:123 - CookieSpec selected: default
13:16:39,550 DEBUG main RequestAuthCache:process:77 - Auth cache not set in the context
13:16:39,550 DEBUG main PoolingHttpClientConnectionManager:requestConnection:267 - Connection request: [route: {}->http://178.124.206.46:8001][total available: 0; route allocated: 0 of 2; total allocated: 0 of 20]
13:16:39,550 DEBUG main PoolingHttpClientConnectionManager:leaseConnection:312 - Connection leased: [id: 2][route: {}->http://178.124.206.46:8001][total available: 0; route allocated: 1 of 2; total allocated: 1 of 20]
13:16:39,550 DEBUG main MainClientExec:execute:234 - Opening connection {}->http://178.124.206.46:8001
13:16:39,550 DEBUG main DefaultHttpClientConnectionOperator:connect:139 - Connecting to /178.124.206.46:8001
13:16:39,550 DEBUG main DefaultHttpClientConnectionOperator:connect:146 - Connection established 192.168.100.122:53904<->178.124.206.46:8001
13:16:39,550 DEBUG main MainClientExec:execute:255 - Executing request POST /app/ws/ HTTP/1.1
13:16:39,550 DEBUG main MainClientExec:execute:260 - Target auth state: UNCHALLENGED
13:16:39,550 DEBUG main MainClientExec:execute:266 - Proxy auth state: UNCHALLENGED
13:16:39,550 DEBUG main headers:onRequestSubmitted:133 - http-outgoing-2 >> POST /app/ws/ HTTP/1.1
13:16:39,550 DEBUG main headers:onRequestSubmitted:136 - http-outgoing-2 >> Content-Length: 26
13:16:39,550 DEBUG main headers:onRequestSubmitted:136 - http-outgoing-2 >> Content-Type: text/plain; charset=ISO-8859-1
13:16:39,550 DEBUG main headers:onRequestSubmitted:136 - http-outgoing-2 >> Host: 178.124.206.46:8001
13:16:39,550 DEBUG main headers:onRequestSubmitted:136 - http-outgoing-2 >> Connection: Keep-Alive
13:16:39,550 DEBUG main headers:onRequestSubmitted:136 - http-outgoing-2 >> User-Agent: Apache-HttpClient/4.5.12 (Java/1.8.0_231)
13:16:39,550 DEBUG main headers:onRequestSubmitted:136 - http-outgoing-2 >> Accept-Encoding: gzip,deflate
13:16:39,550 DEBUG main wire:wire:73 - http-outgoing-2 >> "POST /app/ws/ HTTP/1.1[\r][\n]"
13:16:39,550 DEBUG main wire:wire:73 - http-outgoing-2 >> "Content-Length: 26[\r][\n]"
13:16:39,550 DEBUG main wire:wire:73 - http-outgoing-2 >> "Content-Type: text/plain; charset=ISO-8859-1[\r][\n]"
13:16:39,550 DEBUG main wire:wire:73 - http-outgoing-2 >> "Host: 178.124.206.46:8001[\r][\n]"
13:16:39,550 DEBUG main wire:wire:73 - http-outgoing-2 >> "Connection: Keep-Alive[\r][\n]"
13:16:39,550 DEBUG main wire:wire:73 - http-outgoing-2 >> "User-Agent: Apache-HttpClient/4.5.12 (Java/1.8.0_231)[\r][\n]"
13:16:39,550 DEBUG main wire:wire:73 - http-outgoing-2 >> "Accept-Encoding: gzip,deflate[\r][\n]"
13:16:39,550 DEBUG main wire:wire:73 - http-outgoing-2 >> "[\r][\n]"
13:16:39,566 DEBUG main wire:wire:87 - http-outgoing-2 >> "{"user":"a","strict":true}"
13:16:39,566 DEBUG main wire:wire:73 - http-outgoing-2 << "HTTP/1.1 200 OK[\r][\n]"
13:16:39,566 DEBUG main wire:wire:73 - http-outgoing-2 << "Date: Thu, 18 Jun 2020 10:16:40 GMT[\r][\n]"
13:16:39,566 DEBUG main wire:wire:73 - http-outgoing-2 << "Server: Apache/2.4.38 (Debian)[\r][\n]"
13:16:39,566 DEBUG main wire:wire:73 - http-outgoing-2 << "X-Powered-By: PHP/7.4.1[\r][\n]"
13:16:39,566 DEBUG main wire:wire:73 - http-outgoing-2 << "Content-Length: 224[\r][\n]"
13:16:39,566 DEBUG main wire:wire:73 - http-outgoing-2 << "Keep-Alive: timeout=5, max=100[\r][\n]"
13:16:39,566 DEBUG main wire:wire:73 - http-outgoing-2 << "Connection: Keep-Alive[\r][\n]"
13:16:39,566 DEBUG main wire:wire:73 - http-outgoing-2 << "Content-Type: web_service/json; charset=utf-8[\r][\n]"
13:16:39,566 DEBUG main wire:wire:73 - http-outgoing-2 << "[\r][\n]"
13:16:39,566 DEBUG main wire:wire:73 - http-outgoing-2 << "{[\n]"
13:16:39,566 DEBUG main wire:wire:73 - http-outgoing-2 << "    "code": "0",[\n]"
13:16:39,566 DEBUG main wire:wire:73 - http-outgoing-2 << "    "data": [[\n]"
13:16:39,566 DEBUG main wire:wire:73 - http-outgoing-2 << "        {[\n]"
13:16:39,566 DEBUG main wire:wire:73 - http-outgoing-2 << "            "id": "1",[\n]"
13:16:39,566 DEBUG main wire:wire:73 - http-outgoing-2 << "            "username": "a",[\n]"
13:16:39,566 DEBUG main wire:wire:73 - http-outgoing-2 << "            "realname": "Alberto Boo",[\n]"
13:16:39,566 DEBUG main wire:wire:73 - http-outgoing-2 << "            "password": "b",[\n]"
13:16:39,566 DEBUG main wire:wire:73 - http-outgoing-2 << "            "email": "alberto.boo@mail.com"[\n]"
13:16:39,566 DEBUG main wire:wire:73 - http-outgoing-2 << "        }[\n]"
13:16:39,566 DEBUG main wire:wire:73 - http-outgoing-2 << "    ][\n]"
13:16:39,581 DEBUG main wire:wire:87 - http-outgoing-2 << "}"
13:16:39,581 DEBUG main headers:onResponseReceived:122 - http-outgoing-2 << HTTP/1.1 200 OK
13:16:39,581 DEBUG main headers:onResponseReceived:125 - http-outgoing-2 << Date: Thu, 18 Jun 2020 10:16:40 GMT
13:16:39,581 DEBUG main headers:onResponseReceived:125 - http-outgoing-2 << Server: Apache/2.4.38 (Debian)
13:16:39,581 DEBUG main headers:onResponseReceived:125 - http-outgoing-2 << X-Powered-By: PHP/7.4.1
13:16:39,581 DEBUG main headers:onResponseReceived:125 - http-outgoing-2 << Content-Length: 224
13:16:39,581 DEBUG main headers:onResponseReceived:125 - http-outgoing-2 << Keep-Alive: timeout=5, max=100
13:16:39,581 DEBUG main headers:onResponseReceived:125 - http-outgoing-2 << Connection: Keep-Alive
13:16:39,588 DEBUG main headers:onResponseReceived:125 - http-outgoing-2 << Content-Type: web_service/json; charset=utf-8
13:16:39,588 DEBUG main MainClientExec:execute:285 - Connection can be kept alive for 5000 MILLISECONDS
13:16:39,588 DEBUG main PoolingHttpClientConnectionManager:releaseConnection:344 - Connection [id: 2][route: {}->http://178.124.206.46:8001] can be kept alive for 5.0 seconds
13:16:39,588 DEBUG main DefaultManagedHttpClientConnection:setSocketTimeout:88 - http-outgoing-2: set socket timeout to 0
13:16:39,588 DEBUG main PoolingHttpClientConnectionManager:releaseConnection:351 - Connection released: [id: 2][route: {}->http://178.124.206.46:8001][total available: 1; route allocated: 1 of 2; total allocated: 1 of 20]
13:16:39,588 DEBUG main RequestAddCookies:process:123 - CookieSpec selected: default
13:16:39,588 DEBUG main RequestAuthCache:process:77 - Auth cache not set in the context
13:16:39,588 DEBUG main PoolingHttpClientConnectionManager:requestConnection:267 - Connection request: [route: {}->http://178.124.206.46:8001][total available: 0; route allocated: 0 of 2; total allocated: 0 of 20]
13:16:39,588 DEBUG main PoolingHttpClientConnectionManager:leaseConnection:312 - Connection leased: [id: 3][route: {}->http://178.124.206.46:8001][total available: 0; route allocated: 1 of 2; total allocated: 1 of 20]
13:16:39,588 DEBUG main MainClientExec:execute:234 - Opening connection {}->http://178.124.206.46:8001
13:16:39,588 DEBUG main DefaultHttpClientConnectionOperator:connect:139 - Connecting to /178.124.206.46:8001
13:16:39,604 DEBUG main DefaultHttpClientConnectionOperator:connect:146 - Connection established 192.168.100.122:53905<->178.124.206.46:8001
13:16:39,604 DEBUG main MainClientExec:execute:255 - Executing request POST /app/ws/ HTTP/1.1
13:16:39,604 DEBUG main MainClientExec:execute:260 - Target auth state: UNCHALLENGED
13:16:39,604 DEBUG main MainClientExec:execute:266 - Proxy auth state: UNCHALLENGED
13:16:39,604 DEBUG main headers:onRequestSubmitted:133 - http-outgoing-3 >> POST /app/ws/ HTTP/1.1
13:16:39,604 DEBUG main headers:onRequestSubmitted:136 - http-outgoing-3 >> Content-Length: 29
13:16:39,604 DEBUG main headers:onRequestSubmitted:136 - http-outgoing-3 >> Content-Type: text/plain; charset=ISO-8859-1
13:16:39,604 DEBUG main headers:onRequestSubmitted:136 - http-outgoing-3 >> Host: 178.124.206.46:8001
13:16:39,604 DEBUG main headers:onRequestSubmitted:136 - http-outgoing-3 >> Connection: Keep-Alive
13:16:39,604 DEBUG main headers:onRequestSubmitted:136 - http-outgoing-3 >> User-Agent: Apache-HttpClient/4.5.12 (Java/1.8.0_231)
13:16:39,604 DEBUG main headers:onRequestSubmitted:136 - http-outgoing-3 >> Accept-Encoding: gzip,deflate
13:16:39,604 DEBUG main wire:wire:73 - http-outgoing-3 >> "POST /app/ws/ HTTP/1.1[\r][\n]"
13:16:39,604 DEBUG main wire:wire:73 - http-outgoing-3 >> "Content-Length: 29[\r][\n]"
13:16:39,604 DEBUG main wire:wire:73 - http-outgoing-3 >> "Content-Type: text/plain; charset=ISO-8859-1[\r][\n]"
13:16:39,604 DEBUG main wire:wire:73 - http-outgoing-3 >> "Host: 178.124.206.46:8001[\r][\n]"
13:16:39,604 DEBUG main wire:wire:73 - http-outgoing-3 >> "Connection: Keep-Alive[\r][\n]"
13:16:39,604 DEBUG main wire:wire:73 - http-outgoing-3 >> "User-Agent: Apache-HttpClient/4.5.12 (Java/1.8.0_231)[\r][\n]"
13:16:39,604 DEBUG main wire:wire:73 - http-outgoing-3 >> "Accept-Encoding: gzip,deflate[\r][\n]"
13:16:39,604 DEBUG main wire:wire:73 - http-outgoing-3 >> "[\r][\n]"
13:16:39,604 DEBUG main wire:wire:87 - http-outgoing-3 >> "{"user":"john","strict":true}"
13:16:39,604 DEBUG main wire:wire:73 - http-outgoing-3 << "HTTP/1.1 200 OK[\r][\n]"
13:16:39,604 DEBUG main wire:wire:73 - http-outgoing-3 << "Date: Thu, 18 Jun 2020 10:16:40 GMT[\r][\n]"
13:16:39,604 DEBUG main wire:wire:73 - http-outgoing-3 << "Server: Apache/2.4.38 (Debian)[\r][\n]"
13:16:39,604 DEBUG main wire:wire:73 - http-outgoing-3 << "X-Powered-By: PHP/7.4.1[\r][\n]"
13:16:39,619 DEBUG main wire:wire:73 - http-outgoing-3 << "Content-Length: 228[\r][\n]"
13:16:39,619 DEBUG main wire:wire:73 - http-outgoing-3 << "Keep-Alive: timeout=5, max=100[\r][\n]"
13:16:39,619 DEBUG main wire:wire:73 - http-outgoing-3 << "Connection: Keep-Alive[\r][\n]"
13:16:39,619 DEBUG main wire:wire:73 - http-outgoing-3 << "Content-Type: web_service/json; charset=utf-8[\r][\n]"
13:16:39,619 DEBUG main wire:wire:73 - http-outgoing-3 << "[\r][\n]"
13:16:39,619 DEBUG main wire:wire:73 - http-outgoing-3 << "{[\n]"
13:16:39,619 DEBUG main wire:wire:73 - http-outgoing-3 << "    "code": "0",[\n]"
13:16:39,619 DEBUG main wire:wire:73 - http-outgoing-3 << "    "data": [[\n]"
13:16:39,619 DEBUG main wire:wire:73 - http-outgoing-3 << "        {[\n]"
13:16:39,619 DEBUG main wire:wire:73 - http-outgoing-3 << "            "id": "5",[\n]"
13:16:39,619 DEBUG main wire:wire:73 - http-outgoing-3 << "            "username": "john",[\n]"
13:16:39,619 DEBUG main wire:wire:73 - http-outgoing-3 << "            "realname": "John Doe",[\n]"
13:16:39,619 DEBUG main wire:wire:73 - http-outgoing-3 << "            "password": "Saltro45",[\n]"
13:16:39,619 DEBUG main wire:wire:73 - http-outgoing-3 << "            "email": "john.doe@mail.com"[\n]"
13:16:39,619 DEBUG main wire:wire:73 - http-outgoing-3 << "        }[\n]"
13:16:39,619 DEBUG main wire:wire:73 - http-outgoing-3 << "    ][\n]"
13:16:39,619 DEBUG main wire:wire:87 - http-outgoing-3 << "}"
13:16:39,619 DEBUG main headers:onResponseReceived:122 - http-outgoing-3 << HTTP/1.1 200 OK
13:16:39,619 DEBUG main headers:onResponseReceived:125 - http-outgoing-3 << Date: Thu, 18 Jun 2020 10:16:40 GMT
13:16:39,619 DEBUG main headers:onResponseReceived:125 - http-outgoing-3 << Server: Apache/2.4.38 (Debian)
13:16:39,619 DEBUG main headers:onResponseReceived:125 - http-outgoing-3 << X-Powered-By: PHP/7.4.1
13:16:39,619 DEBUG main headers:onResponseReceived:125 - http-outgoing-3 << Content-Length: 228
13:16:39,619 DEBUG main headers:onResponseReceived:125 - http-outgoing-3 << Keep-Alive: timeout=5, max=100
13:16:39,619 DEBUG main headers:onResponseReceived:125 - http-outgoing-3 << Connection: Keep-Alive
13:16:39,619 DEBUG main headers:onResponseReceived:125 - http-outgoing-3 << Content-Type: web_service/json; charset=utf-8
13:16:39,619 DEBUG main MainClientExec:execute:285 - Connection can be kept alive for 5000 MILLISECONDS
13:16:39,619 DEBUG main PoolingHttpClientConnectionManager:releaseConnection:344 - Connection [id: 3][route: {}->http://178.124.206.46:8001] can be kept alive for 5.0 seconds
13:16:39,619 DEBUG main DefaultManagedHttpClientConnection:setSocketTimeout:88 - http-outgoing-3: set socket timeout to 0
13:16:39,619 DEBUG main PoolingHttpClientConnectionManager:releaseConnection:351 - Connection released: [id: 3][route: {}->http://178.124.206.46:8001][total available: 1; route allocated: 1 of 2; total allocated: 1 of 20]
13:16:39,635 DEBUG main RequestAddCookies:process:123 - CookieSpec selected: default
13:16:39,635 DEBUG main RequestAuthCache:process:77 - Auth cache not set in the context
13:16:39,635 DEBUG main PoolingHttpClientConnectionManager:requestConnection:267 - Connection request: [route: {}->http://178.124.206.46:8001][total available: 0; route allocated: 0 of 2; total allocated: 0 of 20]
13:16:39,635 DEBUG main PoolingHttpClientConnectionManager:leaseConnection:312 - Connection leased: [id: 4][route: {}->http://178.124.206.46:8001][total available: 0; route allocated: 1 of 2; total allocated: 1 of 20]
13:16:39,635 DEBUG main MainClientExec:execute:234 - Opening connection {}->http://178.124.206.46:8001
13:16:39,635 DEBUG main DefaultHttpClientConnectionOperator:connect:139 - Connecting to /178.124.206.46:8001
13:16:39,635 DEBUG main DefaultHttpClientConnectionOperator:connect:146 - Connection established 192.168.100.122:53906<->178.124.206.46:8001
13:16:39,635 DEBUG main MainClientExec:execute:255 - Executing request POST /app/ws/ HTTP/1.1
13:16:39,650 DEBUG main MainClientExec:execute:260 - Target auth state: UNCHALLENGED
13:16:39,650 DEBUG main MainClientExec:execute:266 - Proxy auth state: UNCHALLENGED
13:16:39,650 DEBUG main headers:onRequestSubmitted:133 - http-outgoing-4 >> POST /app/ws/ HTTP/1.1
13:16:39,650 DEBUG main headers:onRequestSubmitted:136 - http-outgoing-4 >> Content-Length: 25
13:16:39,650 DEBUG main headers:onRequestSubmitted:136 - http-outgoing-4 >> Content-Type: text/plain; charset=ISO-8859-1
13:16:39,650 DEBUG main headers:onRequestSubmitted:136 - http-outgoing-4 >> Host: 178.124.206.46:8001
13:16:39,650 DEBUG main headers:onRequestSubmitted:136 - http-outgoing-4 >> Connection: Keep-Alive
13:16:39,650 DEBUG main headers:onRequestSubmitted:136 - http-outgoing-4 >> User-Agent: Apache-HttpClient/4.5.12 (Java/1.8.0_231)
13:16:39,650 DEBUG main headers:onRequestSubmitted:136 - http-outgoing-4 >> Accept-Encoding: gzip,deflate
13:16:39,650 DEBUG main wire:wire:73 - http-outgoing-4 >> "POST /app/ws/ HTTP/1.1[\r][\n]"
13:16:39,650 DEBUG main wire:wire:73 - http-outgoing-4 >> "Content-Length: 25[\r][\n]"
13:16:39,650 DEBUG main wire:wire:73 - http-outgoing-4 >> "Content-Type: text/plain; charset=ISO-8859-1[\r][\n]"
13:16:39,650 DEBUG main wire:wire:73 - http-outgoing-4 >> "Host: 178.124.206.46:8001[\r][\n]"
13:16:39,650 DEBUG main wire:wire:73 - http-outgoing-4 >> "Connection: Keep-Alive[\r][\n]"
13:16:39,650 DEBUG main wire:wire:73 - http-outgoing-4 >> "User-Agent: Apache-HttpClient/4.5.12 (Java/1.8.0_231)[\r][\n]"
13:16:39,650 DEBUG main wire:wire:73 - http-outgoing-4 >> "Accept-Encoding: gzip,deflate[\r][\n]"
13:16:39,650 DEBUG main wire:wire:73 - http-outgoing-4 >> "[\r][\n]"
13:16:39,650 DEBUG main wire:wire:87 - http-outgoing-4 >> "{"user":"","strict":true}"
13:16:39,666 DEBUG main wire:wire:73 - http-outgoing-4 << "HTTP/1.1 200 OK[\r][\n]"
13:16:39,666 DEBUG main wire:wire:73 - http-outgoing-4 << "Date: Thu, 18 Jun 2020 10:16:40 GMT[\r][\n]"
13:16:39,666 DEBUG main wire:wire:73 - http-outgoing-4 << "Server: Apache/2.4.38 (Debian)[\r][\n]"
13:16:39,666 DEBUG main wire:wire:73 - http-outgoing-4 << "X-Powered-By: PHP/7.4.1[\r][\n]"
13:16:39,666 DEBUG main wire:wire:73 - http-outgoing-4 << "Content-Length: 1223[\r][\n]"
13:16:39,666 DEBUG main wire:wire:73 - http-outgoing-4 << "Keep-Alive: timeout=5, max=100[\r][\n]"
13:16:39,666 DEBUG main wire:wire:73 - http-outgoing-4 << "Connection: Keep-Alive[\r][\n]"
13:16:39,674 DEBUG main wire:wire:73 - http-outgoing-4 << "Content-Type: web_service/json; charset=utf-8[\r][\n]"
13:16:39,674 DEBUG main wire:wire:73 - http-outgoing-4 << "[\r][\n]"
13:16:39,674 DEBUG main wire:wire:73 - http-outgoing-4 << "{[\n]"
13:16:39,675 DEBUG main wire:wire:73 - http-outgoing-4 << "    "code": "0",[\n]"
13:16:39,675 DEBUG main wire:wire:73 - http-outgoing-4 << "    "data": [[\n]"
13:16:39,675 DEBUG main wire:wire:73 - http-outgoing-4 << "        {[\n]"
13:16:39,676 DEBUG main wire:wire:73 - http-outgoing-4 << "            "id": "1",[\n]"
13:16:39,676 DEBUG main wire:wire:73 - http-outgoing-4 << "            "username": "a",[\n]"
13:16:39,676 DEBUG main wire:wire:73 - http-outgoing-4 << "            "realname": "Alberto Boo",[\n]"
13:16:39,676 DEBUG main wire:wire:73 - http-outgoing-4 << "            "password": "b",[\n]"
13:16:39,677 DEBUG main wire:wire:73 - http-outgoing-4 << "            "email": "alberto.boo@mail.com"[\n]"
13:16:39,677 DEBUG main wire:wire:73 - http-outgoing-4 << "        },[\n]"
13:16:39,677 DEBUG main wire:wire:73 - http-outgoing-4 << "        {[\n]"
13:16:39,677 DEBUG main wire:wire:73 - http-outgoing-4 << "            "id": "3",[\n]"
13:16:39,678 DEBUG main wire:wire:73 - http-outgoing-4 << "            "username": "berta",[\n]"
13:16:39,678 DEBUG main wire:wire:73 - http-outgoing-4 << "            "realname": "Berta Crush",[\n]"
13:16:39,678 DEBUG main wire:wire:73 - http-outgoing-4 << "            "password": "Tre4gh0M",[\n]"
13:16:39,678 DEBUG main wire:wire:73 - http-outgoing-4 << "            "email": "berta.crush@mail.com"[\n]"
13:16:39,678 DEBUG main wire:wire:73 - http-outgoing-4 << "        },[\n]"
13:16:39,679 DEBUG main wire:wire:73 - http-outgoing-4 << "        {[\n]"
13:16:39,679 DEBUG main wire:wire:73 - http-outgoing-4 << "            "id": "5",[\n]"
13:16:39,679 DEBUG main wire:wire:73 - http-outgoing-4 << "            "username": "john",[\n]"
13:16:39,679 DEBUG main wire:wire:73 - http-outgoing-4 << "            "realname": "John Doe",[\n]"
13:16:39,680 DEBUG main wire:wire:73 - http-outgoing-4 << "            "password": "Saltro45",[\n]"
13:16:39,680 DEBUG main wire:wire:73 - http-outgoing-4 << "            "email": "john.doe@mail.com"[\n]"
13:16:39,680 DEBUG main wire:wire:73 - http-outgoing-4 << "        },[\n]"
13:16:39,680 DEBUG main wire:wire:73 - http-outgoing-4 << "        {[\n]"
13:16:39,681 DEBUG main wire:wire:73 - http-outgoing-4 << "            "id": "6",[\n]"
13:16:39,681 DEBUG main wire:wire:73 - http-outgoing-4 << "            "username": "rangaradjangoo",[\n]"
13:16:39,682 DEBUG main wire:wire:73 - http-outgoing-4 << "            "realname": "Rangaradjan Radjesh",[\n]"
13:16:39,682 DEBUG main wire:wire:73 - http-outgoing-4 << "            "password": "bbRfw76rb",[\n]"
13:16:39,682 DEBUG main wire:wire:73 - http-outgoing-4 << "            "email": "rangaradjan.radjesh@mail.com"[\n]"
13:16:39,682 DEBUG main wire:wire:73 - http-outgoing-4 << "        },[\n]"
13:16:39,682 DEBUG main wire:wire:73 - http-outgoing-4 << "        {[\n]"
13:16:39,682 DEBUG main wire:wire:73 - http-outgoing-4 << "            "id": "2",[\n]"
13:16:39,682 DEBUG main wire:wire:73 - http-outgoing-4 << "            "username": "saldo",[\n]"
13:16:39,682 DEBUG main wire:wire:73 - http-outgoing-4 << "            "realname": "Saldo Rush",[\n]"
13:16:39,682 DEBUG main wire:wire:73 - http-outgoing-4 << "            "password": "hro8052w",[\n]"
13:16:39,682 DEBUG main wire:wire:73 - http-outgoing-4 << "            "email": "saldo.rush@mail.com"[\n]"
13:16:39,682 DEBUG main wire:wire:73 - http-outgoing-4 << "        },[\n]"
13:16:39,682 DEBUG main wire:wire:73 - http-outgoing-4 << "        {[\n]"
13:16:39,682 DEBUG main wire:wire:73 - http-outgoing-4 << "            "id": "4",[\n]"
13:16:39,682 DEBUG main wire:wire:73 - http-outgoing-4 << "            "username": "simon",[\n]"
13:16:39,682 DEBUG main wire:wire:73 - http-outgoing-4 << "            "realname": "Simon Greath",[\n]"
13:16:39,682 DEBUG main wire:wire:73 - http-outgoing-4 << "            "password": "qbmu76rb",[\n]"
13:16:39,682 DEBUG main wire:wire:73 - http-outgoing-4 << "            "email": "simon.greath@mail.com"[\n]"
13:16:39,682 DEBUG main wire:wire:73 - http-outgoing-4 << "        }[\n]"
13:16:39,682 DEBUG main wire:wire:73 - http-outgoing-4 << "    ][\n]"
13:16:39,682 DEBUG main wire:wire:87 - http-outgoing-4 << "}"
13:16:39,682 DEBUG main headers:onResponseReceived:122 - http-outgoing-4 << HTTP/1.1 200 OK
13:16:39,688 DEBUG main headers:onResponseReceived:125 - http-outgoing-4 << Date: Thu, 18 Jun 2020 10:16:40 GMT
13:16:39,688 DEBUG main headers:onResponseReceived:125 - http-outgoing-4 << Server: Apache/2.4.38 (Debian)
13:16:39,688 DEBUG main headers:onResponseReceived:125 - http-outgoing-4 << X-Powered-By: PHP/7.4.1
13:16:39,688 DEBUG main headers:onResponseReceived:125 - http-outgoing-4 << Content-Length: 1223
13:16:39,688 DEBUG main headers:onResponseReceived:125 - http-outgoing-4 << Keep-Alive: timeout=5, max=100
13:16:39,688 DEBUG main headers:onResponseReceived:125 - http-outgoing-4 << Connection: Keep-Alive
13:16:39,688 DEBUG main headers:onResponseReceived:125 - http-outgoing-4 << Content-Type: web_service/json; charset=utf-8
13:16:39,688 DEBUG main MainClientExec:execute:285 - Connection can be kept alive for 5000 MILLISECONDS
13:16:39,688 DEBUG main PoolingHttpClientConnectionManager:releaseConnection:344 - Connection [id: 4][route: {}->http://178.124.206.46:8001] can be kept alive for 5.0 seconds
13:16:39,688 DEBUG main DefaultManagedHttpClientConnection:setSocketTimeout:88 - http-outgoing-4: set socket timeout to 0
13:16:39,688 DEBUG main PoolingHttpClientConnectionManager:releaseConnection:351 - Connection released: [id: 4][route: {}->http://178.124.206.46:8001][total available: 1; route allocated: 1 of 2; total allocated: 1 of 20]
20:45:32,120 DEBUG main SearchMovieSteps:getMoviesAmount:29 - Replace all symbols except numbers from text
20:45:32,126 DEBUG main SearchMovieSteps:getMoviesAmount:31 - Parse String text to int
20:45:32,127 DEBUG main SearchMovieSteps:isFoundFilmsListPresent:39 - Verify that Element displayed.
20:48:28,251 DEBUG main SearchMovieSteps:getMoviesAmount:29 - Replace all symbols except numbers from text
20:48:28,257 DEBUG main SearchMovieSteps:getMoviesAmount:31 - Parse String text to int
20:48:28,258 DEBUG main SearchMovieSteps:isFoundFilmsListPresent:39 - Verify that Element displayed.
20:50:00,194 DEBUG main SearchMovieSteps:getMoviesAmount:29 - Replace all symbols except numbers from text
20:50:00,201 DEBUG main SearchMovieSteps:getMoviesAmount:31 - Parse String text to int
20:50:00,202 DEBUG main SearchMovieSteps:isFoundFilmsListPresent:39 - Verify that Element displayed.
22:55:02,432 DEBUG main SearchMovieSteps:getMoviesAmount:26 - Replace all symbols except numbers from text
22:55:02,437 DEBUG main SearchMovieSteps:getMoviesAmount:28 - Parse String text to int
22:55:02,437 DEBUG main SearchMovieSteps:isFoundFilmsListPresent:36 - Verify that Element displayed.
22:56:23,216 DEBUG main RequestAddCookies:process:123 - CookieSpec selected: default
22:56:23,247 DEBUG main RequestAuthCache:process:77 - Auth cache not set in the context
22:56:23,247 DEBUG main PoolingHttpClientConnectionManager:requestConnection:267 - Connection request: [route: {}->http://178.124.206.46:8001][total available: 0; route allocated: 0 of 2; total allocated: 0 of 20]
22:56:23,279 DEBUG main PoolingHttpClientConnectionManager:leaseConnection:312 - Connection leased: [id: 0][route: {}->http://178.124.206.46:8001][total available: 0; route allocated: 1 of 2; total allocated: 1 of 20]
22:56:23,279 DEBUG main MainClientExec:execute:234 - Opening connection {}->http://178.124.206.46:8001
22:56:23,294 DEBUG main DefaultHttpClientConnectionOperator:connect:139 - Connecting to /178.124.206.46:8001
22:56:23,294 DEBUG main DefaultHttpClientConnectionOperator:connect:146 - Connection established 192.168.100.122:53091<->178.124.206.46:8001
22:56:23,294 DEBUG main MainClientExec:execute:255 - Executing request POST /app/ws/ HTTP/1.1
22:56:23,294 DEBUG main MainClientExec:execute:260 - Target auth state: UNCHALLENGED
22:56:23,294 DEBUG main MainClientExec:execute:266 - Proxy auth state: UNCHALLENGED
22:56:23,294 DEBUG main headers:onRequestSubmitted:133 - http-outgoing-0 >> POST /app/ws/ HTTP/1.1
22:56:23,294 DEBUG main headers:onRequestSubmitted:136 - http-outgoing-0 >> Content-Length: 27
22:56:23,294 DEBUG main headers:onRequestSubmitted:136 - http-outgoing-0 >> Content-Type: text/plain; charset=ISO-8859-1
22:56:23,310 DEBUG main headers:onRequestSubmitted:136 - http-outgoing-0 >> Host: 178.124.206.46:8001
22:56:23,310 DEBUG main headers:onRequestSubmitted:136 - http-outgoing-0 >> Connection: Keep-Alive
22:56:23,310 DEBUG main headers:onRequestSubmitted:136 - http-outgoing-0 >> User-Agent: Apache-HttpClient/4.5.12 (Java/1.8.0_231)
22:56:23,310 DEBUG main headers:onRequestSubmitted:136 - http-outgoing-0 >> Accept-Encoding: gzip,deflate
22:56:23,310 DEBUG main wire:wire:73 - http-outgoing-0 >> "POST /app/ws/ HTTP/1.1[\r][\n]"
22:56:23,310 DEBUG main wire:wire:73 - http-outgoing-0 >> "Content-Length: 27[\r][\n]"
22:56:23,310 DEBUG main wire:wire:73 - http-outgoing-0 >> "Content-Type: text/plain; charset=ISO-8859-1[\r][\n]"
22:56:23,310 DEBUG main wire:wire:73 - http-outgoing-0 >> "Host: 178.124.206.46:8001[\r][\n]"
22:56:23,310 DEBUG main wire:wire:73 - http-outgoing-0 >> "Connection: Keep-Alive[\r][\n]"
22:56:23,310 DEBUG main wire:wire:73 - http-outgoing-0 >> "User-Agent: Apache-HttpClient/4.5.12 (Java/1.8.0_231)[\r][\n]"
22:56:23,310 DEBUG main wire:wire:73 - http-outgoing-0 >> "Accept-Encoding: gzip,deflate[\r][\n]"
22:56:23,310 DEBUG main wire:wire:73 - http-outgoing-0 >> "[\r][\n]"
22:56:23,310 DEBUG main wire:wire:87 - http-outgoing-0 >> "{"user":"l","strict":false}"
22:56:23,325 DEBUG main wire:wire:73 - http-outgoing-0 << "HTTP/1.1 200 OK[\r][\n]"
22:56:23,325 DEBUG main wire:wire:73 - http-outgoing-0 << "Date: Sat, 20 Jun 2020 19:56:24 GMT[\r][\n]"
22:56:23,325 DEBUG main wire:wire:73 - http-outgoing-0 << "Server: Apache/2.4.38 (Debian)[\r][\n]"
22:56:23,325 DEBUG main wire:wire:73 - http-outgoing-0 << "X-Powered-By: PHP/7.4.1[\r][\n]"
22:56:23,325 DEBUG main wire:wire:73 - http-outgoing-0 << "Content-Length: 233[\r][\n]"
22:56:23,325 DEBUG main wire:wire:73 - http-outgoing-0 << "Keep-Alive: timeout=5, max=100[\r][\n]"
22:56:23,325 DEBUG main wire:wire:73 - http-outgoing-0 << "Connection: Keep-Alive[\r][\n]"
22:56:23,341 DEBUG main wire:wire:73 - http-outgoing-0 << "Content-Type: application/json; charset=utf-8[\r][\n]"
22:56:23,341 DEBUG main wire:wire:73 - http-outgoing-0 << "[\r][\n]"
22:56:23,341 DEBUG main wire:wire:73 - http-outgoing-0 << "{[\n]"
22:56:23,341 DEBUG main wire:wire:73 - http-outgoing-0 << "    "code": "0",[\n]"
22:56:23,341 DEBUG main wire:wire:73 - http-outgoing-0 << "    "data": [[\n]"
22:56:23,341 DEBUG main wire:wire:73 - http-outgoing-0 << "        {[\n]"
22:56:23,341 DEBUG main wire:wire:73 - http-outgoing-0 << "            "id": "2",[\n]"
22:56:23,341 DEBUG main wire:wire:73 - http-outgoing-0 << "            "username": "saldo",[\n]"
22:56:23,341 DEBUG main wire:wire:73 - http-outgoing-0 << "            "realname": "Saldo Rush",[\n]"
22:56:23,341 DEBUG main wire:wire:73 - http-outgoing-0 << "            "password": "hro8052w",[\n]"
22:56:23,341 DEBUG main wire:wire:73 - http-outgoing-0 << "            "email": "saldo.rush@mail.com"[\n]"
22:56:23,341 DEBUG main wire:wire:73 - http-outgoing-0 << "        }[\n]"
22:56:23,341 DEBUG main wire:wire:73 - http-outgoing-0 << "    ][\n]"
22:56:23,341 DEBUG main wire:wire:87 - http-outgoing-0 << "}"
22:56:23,341 DEBUG main headers:onResponseReceived:122 - http-outgoing-0 << HTTP/1.1 200 OK
22:56:23,341 DEBUG main headers:onResponseReceived:125 - http-outgoing-0 << Date: Sat, 20 Jun 2020 19:56:24 GMT
22:56:23,341 DEBUG main headers:onResponseReceived:125 - http-outgoing-0 << Server: Apache/2.4.38 (Debian)
22:56:23,341 DEBUG main headers:onResponseReceived:125 - http-outgoing-0 << X-Powered-By: PHP/7.4.1
22:56:23,357 DEBUG main headers:onResponseReceived:125 - http-outgoing-0 << Content-Length: 233
22:56:23,357 DEBUG main headers:onResponseReceived:125 - http-outgoing-0 << Keep-Alive: timeout=5, max=100
22:56:23,357 DEBUG main headers:onResponseReceived:125 - http-outgoing-0 << Connection: Keep-Alive
22:56:23,357 DEBUG main headers:onResponseReceived:125 - http-outgoing-0 << Content-Type: application/json; charset=utf-8
22:56:23,357 DEBUG main MainClientExec:execute:285 - Connection can be kept alive for 5000 MILLISECONDS
22:56:23,372 DEBUG main PoolingHttpClientConnectionManager:releaseConnection:344 - Connection [id: 0][route: {}->http://178.124.206.46:8001] can be kept alive for 5.0 seconds
22:56:23,372 DEBUG main DefaultManagedHttpClientConnection:setSocketTimeout:88 - http-outgoing-0: set socket timeout to 0
22:56:23,372 DEBUG main PoolingHttpClientConnectionManager:releaseConnection:351 - Connection released: [id: 0][route: {}->http://178.124.206.46:8001][total available: 1; route allocated: 1 of 2; total allocated: 1 of 20]
22:56:23,404 DEBUG main RequestAddCookies:process:123 - CookieSpec selected: default
22:56:23,404 DEBUG main RequestAuthCache:process:77 - Auth cache not set in the context
22:56:23,404 DEBUG main PoolingHttpClientConnectionManager:requestConnection:267 - Connection request: [route: {}->http://178.124.206.46:8001][total available: 0; route allocated: 0 of 2; total allocated: 0 of 20]
22:56:23,404 DEBUG main PoolingHttpClientConnectionManager:leaseConnection:312 - Connection leased: [id: 1][route: {}->http://178.124.206.46:8001][total available: 0; route allocated: 1 of 2; total allocated: 1 of 20]
22:56:23,404 DEBUG main MainClientExec:execute:234 - Opening connection {}->http://178.124.206.46:8001
22:56:23,404 DEBUG main DefaultHttpClientConnectionOperator:connect:139 - Connecting to /178.124.206.46:8001
22:56:23,419 DEBUG main DefaultHttpClientConnectionOperator:connect:146 - Connection established 192.168.100.122:53092<->178.124.206.46:8001
22:56:23,419 DEBUG main MainClientExec:execute:255 - Executing request POST /app/ws/ HTTP/1.1
22:56:23,419 DEBUG main MainClientExec:execute:260 - Target auth state: UNCHALLENGED
22:56:23,419 DEBUG main MainClientExec:execute:266 - Proxy auth state: UNCHALLENGED
22:56:23,419 DEBUG main headers:onRequestSubmitted:133 - http-outgoing-1 >> POST /app/ws/ HTTP/1.1
22:56:23,419 DEBUG main headers:onRequestSubmitted:136 - http-outgoing-1 >> Content-Length: 35
22:56:23,419 DEBUG main headers:onRequestSubmitted:136 - http-outgoing-1 >> Content-Type: text/plain; charset=ISO-8859-1
22:56:23,419 DEBUG main headers:onRequestSubmitted:136 - http-outgoing-1 >> Host: 178.124.206.46:8001
22:56:23,419 DEBUG main headers:onRequestSubmitted:136 - http-outgoing-1 >> Connection: Keep-Alive
22:56:23,419 DEBUG main headers:onRequestSubmitted:136 - http-outgoing-1 >> User-Agent: Apache-HttpClient/4.5.12 (Java/1.8.0_231)
22:56:23,419 DEBUG main headers:onRequestSubmitted:136 - http-outgoing-1 >> Accept-Encoding: gzip,deflate
22:56:23,419 DEBUG main wire:wire:73 - http-outgoing-1 >> "POST /app/ws/ HTTP/1.1[\r][\n]"
22:56:23,435 DEBUG main wire:wire:73 - http-outgoing-1 >> "Content-Length: 35[\r][\n]"
22:56:23,435 DEBUG main wire:wire:73 - http-outgoing-1 >> "Content-Type: text/plain; charset=ISO-8859-1[\r][\n]"
22:56:23,435 DEBUG main wire:wire:73 - http-outgoing-1 >> "Host: 178.124.206.46:8001[\r][\n]"
22:56:23,435 DEBUG main wire:wire:73 - http-outgoing-1 >> "Connection: Keep-Alive[\r][\n]"
22:56:23,435 DEBUG main wire:wire:73 - http-outgoing-1 >> "User-Agent: Apache-HttpClient/4.5.12 (Java/1.8.0_231)[\r][\n]"
22:56:23,450 DEBUG main wire:wire:73 - http-outgoing-1 >> "Accept-Encoding: gzip,deflate[\r][\n]"
22:56:23,450 DEBUG main wire:wire:73 - http-outgoing-1 >> "[\r][\n]"
22:56:23,450 DEBUG main wire:wire:87 - http-outgoing-1 >> "{"user":"rangaradj","strict":false}"
22:56:23,482 DEBUG main wire:wire:73 - http-outgoing-1 << "HTTP/1.1 200 OK[\r][\n]"
22:56:23,482 DEBUG main wire:wire:73 - http-outgoing-1 << "Date: Sat, 20 Jun 2020 19:56:24 GMT[\r][\n]"
22:56:23,482 DEBUG main wire:wire:73 - http-outgoing-1 << "Server: Apache/2.4.38 (Debian)[\r][\n]"
22:56:23,482 DEBUG main wire:wire:73 - http-outgoing-1 << "X-Powered-By: PHP/7.4.1[\r][\n]"
22:56:23,482 DEBUG main wire:wire:73 - http-outgoing-1 << "Content-Length: 261[\r][\n]"
22:56:23,482 DEBUG main wire:wire:73 - http-outgoing-1 << "Keep-Alive: timeout=5, max=100[\r][\n]"
22:56:23,482 DEBUG main wire:wire:73 - http-outgoing-1 << "Connection: Keep-Alive[\r][\n]"
22:56:23,482 DEBUG main wire:wire:73 - http-outgoing-1 << "Content-Type: application/json; charset=utf-8[\r][\n]"
22:56:23,482 DEBUG main wire:wire:73 - http-outgoing-1 << "[\r][\n]"
22:56:23,482 DEBUG main wire:wire:73 - http-outgoing-1 << "{[\n]"
22:56:23,497 DEBUG main wire:wire:73 - http-outgoing-1 << "    "code": "0",[\n]"
22:56:23,497 DEBUG main wire:wire:73 - http-outgoing-1 << "    "data": [[\n]"
22:56:23,497 DEBUG main wire:wire:73 - http-outgoing-1 << "        {[\n]"
22:56:23,497 DEBUG main wire:wire:73 - http-outgoing-1 << "            "id": "6",[\n]"
22:56:23,497 DEBUG main wire:wire:73 - http-outgoing-1 << "            "username": "rangaradjangoo",[\n]"
22:56:23,497 DEBUG main wire:wire:73 - http-outgoing-1 << "            "realname": "Rangaradjan Radjesh",[\n]"
22:56:23,497 DEBUG main wire:wire:73 - http-outgoing-1 << "            "password": "bbRfw76rb",[\n]"
22:56:23,497 DEBUG main wire:wire:73 - http-outgoing-1 << "            "email": "rangaradjan.radjesh@mail.com"[\n]"
22:56:23,497 DEBUG main wire:wire:73 - http-outgoing-1 << "        }[\n]"
22:56:23,497 DEBUG main wire:wire:73 - http-outgoing-1 << "    ][\n]"
22:56:23,497 DEBUG main wire:wire:87 - http-outgoing-1 << "}"
22:56:23,497 DEBUG main headers:onResponseReceived:122 - http-outgoing-1 << HTTP/1.1 200 OK
22:56:23,497 DEBUG main headers:onResponseReceived:125 - http-outgoing-1 << Date: Sat, 20 Jun 2020 19:56:24 GMT
22:56:23,497 DEBUG main headers:onResponseReceived:125 - http-outgoing-1 << Server: Apache/2.4.38 (Debian)
22:56:23,497 DEBUG main headers:onResponseReceived:125 - http-outgoing-1 << X-Powered-By: PHP/7.4.1
22:56:23,497 DEBUG main headers:onResponseReceived:125 - http-outgoing-1 << Content-Length: 261
22:56:23,497 DEBUG main headers:onResponseReceived:125 - http-outgoing-1 << Keep-Alive: timeout=5, max=100
22:56:23,497 DEBUG main headers:onResponseReceived:125 - http-outgoing-1 << Connection: Keep-Alive
22:56:23,497 DEBUG main headers:onResponseReceived:125 - http-outgoing-1 << Content-Type: application/json; charset=utf-8
22:56:23,497 DEBUG main MainClientExec:execute:285 - Connection can be kept alive for 5000 MILLISECONDS
22:56:23,513 DEBUG main PoolingHttpClientConnectionManager:releaseConnection:344 - Connection [id: 1][route: {}->http://178.124.206.46:8001] can be kept alive for 5.0 seconds
22:56:23,513 DEBUG main DefaultManagedHttpClientConnection:setSocketTimeout:88 - http-outgoing-1: set socket timeout to 0
22:56:23,513 DEBUG main PoolingHttpClientConnectionManager:releaseConnection:351 - Connection released: [id: 1][route: {}->http://178.124.206.46:8001][total available: 1; route allocated: 1 of 2; total allocated: 1 of 20]
22:56:23,638 DEBUG main RequestAddCookies:process:123 - CookieSpec selected: default
22:56:23,638 DEBUG main RequestAuthCache:process:77 - Auth cache not set in the context
22:56:23,638 DEBUG main PoolingHttpClientConnectionManager:requestConnection:267 - Connection request: [route: {}->http://178.124.206.46:8001][total available: 0; route allocated: 0 of 2; total allocated: 0 of 20]
22:56:23,638 DEBUG main PoolingHttpClientConnectionManager:leaseConnection:312 - Connection leased: [id: 2][route: {}->http://178.124.206.46:8001][total available: 0; route allocated: 1 of 2; total allocated: 1 of 20]
22:56:23,638 DEBUG main MainClientExec:execute:234 - Opening connection {}->http://178.124.206.46:8001
22:56:23,638 DEBUG main DefaultHttpClientConnectionOperator:connect:139 - Connecting to /178.124.206.46:8001
22:56:23,654 DEBUG main DefaultHttpClientConnectionOperator:connect:146 - Connection established 192.168.100.122:53093<->178.124.206.46:8001
22:56:23,654 DEBUG main MainClientExec:execute:255 - Executing request POST /app/ws/ HTTP/1.1
22:56:23,654 DEBUG main MainClientExec:execute:260 - Target auth state: UNCHALLENGED
22:56:23,654 DEBUG main MainClientExec:execute:266 - Proxy auth state: UNCHALLENGED
22:56:23,654 DEBUG main headers:onRequestSubmitted:133 - http-outgoing-2 >> POST /app/ws/ HTTP/1.1
22:56:23,654 DEBUG main headers:onRequestSubmitted:136 - http-outgoing-2 >> Content-Length: 26
22:56:23,654 DEBUG main headers:onRequestSubmitted:136 - http-outgoing-2 >> Content-Type: text/plain; charset=ISO-8859-1
22:56:23,654 DEBUG main headers:onRequestSubmitted:136 - http-outgoing-2 >> Host: 178.124.206.46:8001
22:56:23,654 DEBUG main headers:onRequestSubmitted:136 - http-outgoing-2 >> Connection: Keep-Alive
22:56:23,654 DEBUG main headers:onRequestSubmitted:136 - http-outgoing-2 >> User-Agent: Apache-HttpClient/4.5.12 (Java/1.8.0_231)
22:56:23,654 DEBUG main headers:onRequestSubmitted:136 - http-outgoing-2 >> Accept-Encoding: gzip,deflate
22:56:23,654 DEBUG main wire:wire:73 - http-outgoing-2 >> "POST /app/ws/ HTTP/1.1[\r][\n]"
22:56:23,654 DEBUG main wire:wire:73 - http-outgoing-2 >> "Content-Length: 26[\r][\n]"
22:56:23,654 DEBUG main wire:wire:73 - http-outgoing-2 >> "Content-Type: text/plain; charset=ISO-8859-1[\r][\n]"
22:56:23,654 DEBUG main wire:wire:73 - http-outgoing-2 >> "Host: 178.124.206.46:8001[\r][\n]"
22:56:23,654 DEBUG main wire:wire:73 - http-outgoing-2 >> "Connection: Keep-Alive[\r][\n]"
22:56:23,654 DEBUG main wire:wire:73 - http-outgoing-2 >> "User-Agent: Apache-HttpClient/4.5.12 (Java/1.8.0_231)[\r][\n]"
22:56:23,654 DEBUG main wire:wire:73 - http-outgoing-2 >> "Accept-Encoding: gzip,deflate[\r][\n]"
22:56:23,654 DEBUG main wire:wire:73 - http-outgoing-2 >> "[\r][\n]"
22:56:23,654 DEBUG main wire:wire:87 - http-outgoing-2 >> "{"user":"a","strict":true}"
22:56:23,669 DEBUG main wire:wire:73 - http-outgoing-2 << "HTTP/1.1 200 OK[\r][\n]"
22:56:23,669 DEBUG main wire:wire:73 - http-outgoing-2 << "Date: Sat, 20 Jun 2020 19:56:24 GMT[\r][\n]"
22:56:23,669 DEBUG main wire:wire:73 - http-outgoing-2 << "Server: Apache/2.4.38 (Debian)[\r][\n]"
22:56:23,669 DEBUG main wire:wire:73 - http-outgoing-2 << "X-Powered-By: PHP/7.4.1[\r][\n]"
22:56:23,669 DEBUG main wire:wire:73 - http-outgoing-2 << "Content-Length: 224[\r][\n]"
22:56:23,669 DEBUG main wire:wire:73 - http-outgoing-2 << "Keep-Alive: timeout=5, max=100[\r][\n]"
22:56:23,669 DEBUG main wire:wire:73 - http-outgoing-2 << "Connection: Keep-Alive[\r][\n]"
22:56:23,669 DEBUG main wire:wire:73 - http-outgoing-2 << "Content-Type: application/json; charset=utf-8[\r][\n]"
22:56:23,669 DEBUG main wire:wire:73 - http-outgoing-2 << "[\r][\n]"
22:56:23,669 DEBUG main wire:wire:73 - http-outgoing-2 << "{[\n]"
22:56:23,669 DEBUG main wire:wire:73 - http-outgoing-2 << "    "code": "0",[\n]"
22:56:23,669 DEBUG main wire:wire:73 - http-outgoing-2 << "    "data": [[\n]"
22:56:23,669 DEBUG main wire:wire:73 - http-outgoing-2 << "        {[\n]"
22:56:23,669 DEBUG main wire:wire:73 - http-outgoing-2 << "            "id": "1",[\n]"
22:56:23,669 DEBUG main wire:wire:73 - http-outgoing-2 << "            "username": "a",[\n]"
22:56:23,669 DEBUG main wire:wire:73 - http-outgoing-2 << "            "realname": "Alberto Boo",[\n]"
22:56:23,669 DEBUG main wire:wire:73 - http-outgoing-2 << "            "password": "b",[\n]"
22:56:23,669 DEBUG main wire:wire:73 - http-outgoing-2 << "            "email": "alberto.boo@mail.com"[\n]"
22:56:23,669 DEBUG main wire:wire:73 - http-outgoing-2 << "        }[\n]"
22:56:23,669 DEBUG main wire:wire:73 - http-outgoing-2 << "    ][\n]"
22:56:23,669 DEBUG main wire:wire:87 - http-outgoing-2 << "}"
22:56:23,669 DEBUG main headers:onResponseReceived:122 - http-outgoing-2 << HTTP/1.1 200 OK
22:56:23,669 DEBUG main headers:onResponseReceived:125 - http-outgoing-2 << Date: Sat, 20 Jun 2020 19:56:24 GMT
22:56:23,669 DEBUG main headers:onResponseReceived:125 - http-outgoing-2 << Server: Apache/2.4.38 (Debian)
22:56:23,669 DEBUG main headers:onResponseReceived:125 - http-outgoing-2 << X-Powered-By: PHP/7.4.1
22:56:23,669 DEBUG main headers:onResponseReceived:125 - http-outgoing-2 << Content-Length: 224
22:56:23,669 DEBUG main headers:onResponseReceived:125 - http-outgoing-2 << Keep-Alive: timeout=5, max=100
22:56:23,669 DEBUG main headers:onResponseReceived:125 - http-outgoing-2 << Connection: Keep-Alive
22:56:23,669 DEBUG main headers:onResponseReceived:125 - http-outgoing-2 << Content-Type: application/json; charset=utf-8
22:56:23,669 DEBUG main MainClientExec:execute:285 - Connection can be kept alive for 5000 MILLISECONDS
22:56:23,685 DEBUG main PoolingHttpClientConnectionManager:releaseConnection:344 - Connection [id: 2][route: {}->http://178.124.206.46:8001] can be kept alive for 5.0 seconds
22:56:23,685 DEBUG main DefaultManagedHttpClientConnection:setSocketTimeout:88 - http-outgoing-2: set socket timeout to 0
22:56:23,685 DEBUG main PoolingHttpClientConnectionManager:releaseConnection:351 - Connection released: [id: 2][route: {}->http://178.124.206.46:8001][total available: 1; route allocated: 1 of 2; total allocated: 1 of 20]
22:56:23,716 DEBUG main RequestAddCookies:process:123 - CookieSpec selected: default
22:56:23,716 DEBUG main RequestAuthCache:process:77 - Auth cache not set in the context
22:56:23,716 DEBUG main PoolingHttpClientConnectionManager:requestConnection:267 - Connection request: [route: {}->http://178.124.206.46:8001][total available: 0; route allocated: 0 of 2; total allocated: 0 of 20]
22:56:23,716 DEBUG main PoolingHttpClientConnectionManager:leaseConnection:312 - Connection leased: [id: 3][route: {}->http://178.124.206.46:8001][total available: 0; route allocated: 1 of 2; total allocated: 1 of 20]
22:56:23,716 DEBUG main MainClientExec:execute:234 - Opening connection {}->http://178.124.206.46:8001
22:56:23,716 DEBUG main DefaultHttpClientConnectionOperator:connect:139 - Connecting to /178.124.206.46:8001
22:56:23,716 DEBUG main DefaultHttpClientConnectionOperator:connect:146 - Connection established 192.168.100.122:53094<->178.124.206.46:8001
22:56:23,716 DEBUG main MainClientExec:execute:255 - Executing request POST /app/ws/ HTTP/1.1
22:56:23,716 DEBUG main MainClientExec:execute:260 - Target auth state: UNCHALLENGED
22:56:23,716 DEBUG main MainClientExec:execute:266 - Proxy auth state: UNCHALLENGED
22:56:23,716 DEBUG main headers:onRequestSubmitted:133 - http-outgoing-3 >> POST /app/ws/ HTTP/1.1
22:56:23,716 DEBUG main headers:onRequestSubmitted:136 - http-outgoing-3 >> Content-Length: 29
22:56:23,716 DEBUG main headers:onRequestSubmitted:136 - http-outgoing-3 >> Content-Type: text/plain; charset=ISO-8859-1
22:56:23,716 DEBUG main headers:onRequestSubmitted:136 - http-outgoing-3 >> Host: 178.124.206.46:8001
22:56:23,716 DEBUG main headers:onRequestSubmitted:136 - http-outgoing-3 >> Connection: Keep-Alive
22:56:23,716 DEBUG main headers:onRequestSubmitted:136 - http-outgoing-3 >> User-Agent: Apache-HttpClient/4.5.12 (Java/1.8.0_231)
22:56:23,716 DEBUG main headers:onRequestSubmitted:136 - http-outgoing-3 >> Accept-Encoding: gzip,deflate
22:56:23,732 DEBUG main wire:wire:73 - http-outgoing-3 >> "POST /app/ws/ HTTP/1.1[\r][\n]"
22:56:23,732 DEBUG main wire:wire:73 - http-outgoing-3 >> "Content-Length: 29[\r][\n]"
22:56:23,732 DEBUG main wire:wire:73 - http-outgoing-3 >> "Content-Type: text/plain; charset=ISO-8859-1[\r][\n]"
22:56:23,732 DEBUG main wire:wire:73 - http-outgoing-3 >> "Host: 178.124.206.46:8001[\r][\n]"
22:56:23,732 DEBUG main wire:wire:73 - http-outgoing-3 >> "Connection: Keep-Alive[\r][\n]"
22:56:23,732 DEBUG main wire:wire:73 - http-outgoing-3 >> "User-Agent: Apache-HttpClient/4.5.12 (Java/1.8.0_231)[\r][\n]"
22:56:23,732 DEBUG main wire:wire:73 - http-outgoing-3 >> "Accept-Encoding: gzip,deflate[\r][\n]"
22:56:23,732 DEBUG main wire:wire:73 - http-outgoing-3 >> "[\r][\n]"
22:56:23,732 DEBUG main wire:wire:87 - http-outgoing-3 >> "{"user":"john","strict":true}"
22:56:23,732 DEBUG main wire:wire:73 - http-outgoing-3 << "HTTP/1.1 200 OK[\r][\n]"
22:56:23,732 DEBUG main wire:wire:73 - http-outgoing-3 << "Date: Sat, 20 Jun 2020 19:56:24 GMT[\r][\n]"
22:56:23,732 DEBUG main wire:wire:73 - http-outgoing-3 << "Server: Apache/2.4.38 (Debian)[\r][\n]"
22:56:23,732 DEBUG main wire:wire:73 - http-outgoing-3 << "X-Powered-By: PHP/7.4.1[\r][\n]"
22:56:23,732 DEBUG main wire:wire:73 - http-outgoing-3 << "Content-Length: 228[\r][\n]"
22:56:23,747 DEBUG main wire:wire:73 - http-outgoing-3 << "Keep-Alive: timeout=5, max=100[\r][\n]"
22:56:23,747 DEBUG main wire:wire:73 - http-outgoing-3 << "Connection: Keep-Alive[\r][\n]"
22:56:23,747 DEBUG main wire:wire:73 - http-outgoing-3 << "Content-Type: application/json; charset=utf-8[\r][\n]"
22:56:23,747 DEBUG main wire:wire:73 - http-outgoing-3 << "[\r][\n]"
22:56:23,747 DEBUG main wire:wire:73 - http-outgoing-3 << "{[\n]"
22:56:23,747 DEBUG main wire:wire:73 - http-outgoing-3 << "    "code": "0",[\n]"
22:56:23,747 DEBUG main wire:wire:73 - http-outgoing-3 << "    "data": [[\n]"
22:56:23,747 DEBUG main wire:wire:73 - http-outgoing-3 << "        {[\n]"
22:56:23,747 DEBUG main wire:wire:73 - http-outgoing-3 << "            "id": "5",[\n]"
22:56:23,747 DEBUG main wire:wire:73 - http-outgoing-3 << "            "username": "john",[\n]"
22:56:23,747 DEBUG main wire:wire:73 - http-outgoing-3 << "            "realname": "John Doe",[\n]"
22:56:23,747 DEBUG main wire:wire:73 - http-outgoing-3 << "            "password": "Saltro45",[\n]"
22:56:23,747 DEBUG main wire:wire:73 - http-outgoing-3 << "            "email": "john.doe@mail.com"[\n]"
22:56:23,747 DEBUG main wire:wire:73 - http-outgoing-3 << "        }[\n]"
22:56:23,747 DEBUG main wire:wire:73 - http-outgoing-3 << "    ][\n]"
22:56:23,747 DEBUG main wire:wire:87 - http-outgoing-3 << "}"
22:56:23,747 DEBUG main headers:onResponseReceived:122 - http-outgoing-3 << HTTP/1.1 200 OK
22:56:23,747 DEBUG main headers:onResponseReceived:125 - http-outgoing-3 << Date: Sat, 20 Jun 2020 19:56:24 GMT
22:56:23,747 DEBUG main headers:onResponseReceived:125 - http-outgoing-3 << Server: Apache/2.4.38 (Debian)
22:56:23,747 DEBUG main headers:onResponseReceived:125 - http-outgoing-3 << X-Powered-By: PHP/7.4.1
22:56:23,747 DEBUG main headers:onResponseReceived:125 - http-outgoing-3 << Content-Length: 228
22:56:23,747 DEBUG main headers:onResponseReceived:125 - http-outgoing-3 << Keep-Alive: timeout=5, max=100
22:56:23,747 DEBUG main headers:onResponseReceived:125 - http-outgoing-3 << Connection: Keep-Alive
22:56:23,747 DEBUG main headers:onResponseReceived:125 - http-outgoing-3 << Content-Type: application/json; charset=utf-8
22:56:23,747 DEBUG main MainClientExec:execute:285 - Connection can be kept alive for 5000 MILLISECONDS
22:56:23,747 DEBUG main PoolingHttpClientConnectionManager:releaseConnection:344 - Connection [id: 3][route: {}->http://178.124.206.46:8001] can be kept alive for 5.0 seconds
22:56:23,747 DEBUG main DefaultManagedHttpClientConnection:setSocketTimeout:88 - http-outgoing-3: set socket timeout to 0
22:56:23,747 DEBUG main PoolingHttpClientConnectionManager:releaseConnection:351 - Connection released: [id: 3][route: {}->http://178.124.206.46:8001][total available: 1; route allocated: 1 of 2; total allocated: 1 of 20]
22:56:23,779 DEBUG main RequestAddCookies:process:123 - CookieSpec selected: default
22:56:23,779 DEBUG main RequestAuthCache:process:77 - Auth cache not set in the context
22:56:23,779 DEBUG main PoolingHttpClientConnectionManager:requestConnection:267 - Connection request: [route: {}->http://178.124.206.46:8001][total available: 0; route allocated: 0 of 2; total allocated: 0 of 20]
22:56:23,779 DEBUG main PoolingHttpClientConnectionManager:leaseConnection:312 - Connection leased: [id: 4][route: {}->http://178.124.206.46:8001][total available: 0; route allocated: 1 of 2; total allocated: 1 of 20]
22:56:23,779 DEBUG main MainClientExec:execute:234 - Opening connection {}->http://178.124.206.46:8001
22:56:23,779 DEBUG main DefaultHttpClientConnectionOperator:connect:139 - Connecting to /178.124.206.46:8001
22:56:23,779 DEBUG main DefaultHttpClientConnectionOperator:connect:146 - Connection established 192.168.100.122:53095<->178.124.206.46:8001
22:56:23,779 DEBUG main MainClientExec:execute:255 - Executing request POST /app/ws/ HTTP/1.1
22:56:23,779 DEBUG main MainClientExec:execute:260 - Target auth state: UNCHALLENGED
22:56:23,779 DEBUG main MainClientExec:execute:266 - Proxy auth state: UNCHALLENGED
22:56:23,779 DEBUG main headers:onRequestSubmitted:133 - http-outgoing-4 >> POST /app/ws/ HTTP/1.1
22:56:23,779 DEBUG main headers:onRequestSubmitted:136 - http-outgoing-4 >> Content-Length: 25
22:56:23,779 DEBUG main headers:onRequestSubmitted:136 - http-outgoing-4 >> Content-Type: text/plain; charset=ISO-8859-1
22:56:23,779 DEBUG main headers:onRequestSubmitted:136 - http-outgoing-4 >> Host: 178.124.206.46:8001
22:56:23,779 DEBUG main headers:onRequestSubmitted:136 - http-outgoing-4 >> Connection: Keep-Alive
22:56:23,779 DEBUG main headers:onRequestSubmitted:136 - http-outgoing-4 >> User-Agent: Apache-HttpClient/4.5.12 (Java/1.8.0_231)
22:56:23,779 DEBUG main headers:onRequestSubmitted:136 - http-outgoing-4 >> Accept-Encoding: gzip,deflate
22:56:23,779 DEBUG main wire:wire:73 - http-outgoing-4 >> "POST /app/ws/ HTTP/1.1[\r][\n]"
22:56:23,779 DEBUG main wire:wire:73 - http-outgoing-4 >> "Content-Length: 25[\r][\n]"
22:56:23,779 DEBUG main wire:wire:73 - http-outgoing-4 >> "Content-Type: text/plain; charset=ISO-8859-1[\r][\n]"
22:56:23,779 DEBUG main wire:wire:73 - http-outgoing-4 >> "Host: 178.124.206.46:8001[\r][\n]"
22:56:23,779 DEBUG main wire:wire:73 - http-outgoing-4 >> "Connection: Keep-Alive[\r][\n]"
22:56:23,794 DEBUG main wire:wire:73 - http-outgoing-4 >> "User-Agent: Apache-HttpClient/4.5.12 (Java/1.8.0_231)[\r][\n]"
22:56:23,794 DEBUG main wire:wire:73 - http-outgoing-4 >> "Accept-Encoding: gzip,deflate[\r][\n]"
22:56:23,794 DEBUG main wire:wire:73 - http-outgoing-4 >> "[\r][\n]"
22:56:23,794 DEBUG main wire:wire:87 - http-outgoing-4 >> "{"user":"","strict":true}"
22:56:23,794 DEBUG main wire:wire:73 - http-outgoing-4 << "HTTP/1.1 200 OK[\r][\n]"
22:56:23,794 DEBUG main wire:wire:73 - http-outgoing-4 << "Date: Sat, 20 Jun 2020 19:56:24 GMT[\r][\n]"
22:56:23,794 DEBUG main wire:wire:73 - http-outgoing-4 << "Server: Apache/2.4.38 (Debian)[\r][\n]"
22:56:23,794 DEBUG main wire:wire:73 - http-outgoing-4 << "X-Powered-By: PHP/7.4.1[\r][\n]"
22:56:23,794 DEBUG main wire:wire:73 - http-outgoing-4 << "Content-Length: 1223[\r][\n]"
22:56:23,794 DEBUG main wire:wire:73 - http-outgoing-4 << "Keep-Alive: timeout=5, max=100[\r][\n]"
22:56:23,794 DEBUG main wire:wire:73 - http-outgoing-4 << "Connection: Keep-Alive[\r][\n]"
22:56:23,794 DEBUG main wire:wire:73 - http-outgoing-4 << "Content-Type: application/json; charset=utf-8[\r][\n]"
22:56:23,794 DEBUG main wire:wire:73 - http-outgoing-4 << "[\r][\n]"
22:56:23,794 DEBUG main wire:wire:73 - http-outgoing-4 << "{[\n]"
22:56:23,810 DEBUG main wire:wire:73 - http-outgoing-4 << "    "code": "0",[\n]"
22:56:23,810 DEBUG main wire:wire:73 - http-outgoing-4 << "    "data": [[\n]"
22:56:23,810 DEBUG main wire:wire:73 - http-outgoing-4 << "        {[\n]"
22:56:23,810 DEBUG main wire:wire:73 - http-outgoing-4 << "            "id": "1",[\n]"
22:56:23,810 DEBUG main wire:wire:73 - http-outgoing-4 << "            "username": "a",[\n]"
22:56:23,810 DEBUG main wire:wire:73 - http-outgoing-4 << "            "realname": "Alberto Boo",[\n]"
22:56:23,810 DEBUG main wire:wire:73 - http-outgoing-4 << "            "password": "b",[\n]"
22:56:23,810 DEBUG main wire:wire:73 - http-outgoing-4 << "            "email": "alberto.boo@mail.com"[\n]"
22:56:23,810 DEBUG main wire:wire:73 - http-outgoing-4 << "        },[\n]"
22:56:23,810 DEBUG main wire:wire:73 - http-outgoing-4 << "        {[\n]"
22:56:23,810 DEBUG main wire:wire:73 - http-outgoing-4 << "            "id": "3",[\n]"
22:56:23,810 DEBUG main wire:wire:73 - http-outgoing-4 << "            "username": "berta",[\n]"
22:56:23,810 DEBUG main wire:wire:73 - http-outgoing-4 << "            "realname": "Berta Crush",[\n]"
22:56:23,810 DEBUG main wire:wire:73 - http-outgoing-4 << "            "password": "Tre4gh0M",[\n]"
22:56:23,810 DEBUG main wire:wire:73 - http-outgoing-4 << "            "email": "berta.crush@mail.com"[\n]"
22:56:23,810 DEBUG main wire:wire:73 - http-outgoing-4 << "        },[\n]"
22:56:23,810 DEBUG main wire:wire:73 - http-outgoing-4 << "        {[\n]"
22:56:23,810 DEBUG main wire:wire:73 - http-outgoing-4 << "            "id": "5",[\n]"
22:56:23,810 DEBUG main wire:wire:73 - http-outgoing-4 << "            "username": "john",[\n]"
22:56:23,810 DEBUG main wire:wire:73 - http-outgoing-4 << "            "realname": "John Doe",[\n]"
22:56:23,810 DEBUG main wire:wire:73 - http-outgoing-4 << "            "password": "Saltro45",[\n]"
22:56:23,810 DEBUG main wire:wire:73 - http-outgoing-4 << "            "email": "john.doe@mail.com"[\n]"
22:56:23,810 DEBUG main wire:wire:73 - http-outgoing-4 << "        },[\n]"
22:56:23,810 DEBUG main wire:wire:73 - http-outgoing-4 << "        {[\n]"
22:56:23,810 DEBUG main wire:wire:73 - http-outgoing-4 << "            "id": "6",[\n]"
22:56:23,810 DEBUG main wire:wire:73 - http-outgoing-4 << "            "username": "rangaradjangoo",[\n]"
22:56:23,810 DEBUG main wire:wire:73 - http-outgoing-4 << "            "realname": "Rangaradjan Radjesh",[\n]"
22:56:23,810 DEBUG main wire:wire:73 - http-outgoing-4 << "            "password": "bbRfw76rb",[\n]"
22:56:23,810 DEBUG main wire:wire:73 - http-outgoing-4 << "            "email": "rangaradjan.radjesh@mail.com"[\n]"
22:56:23,810 DEBUG main wire:wire:73 - http-outgoing-4 << "        },[\n]"
22:56:23,810 DEBUG main wire:wire:73 - http-outgoing-4 << "        {[\n]"
22:56:23,810 DEBUG main wire:wire:73 - http-outgoing-4 << "            "id": "2",[\n]"
22:56:23,810 DEBUG main wire:wire:73 - http-outgoing-4 << "            "username": "saldo",[\n]"
22:56:23,810 DEBUG main wire:wire:73 - http-outgoing-4 << "            "realname": "Saldo Rush",[\n]"
22:56:23,810 DEBUG main wire:wire:73 - http-outgoing-4 << "            "password": "hro8052w",[\n]"
22:56:23,810 DEBUG main wire:wire:73 - http-outgoing-4 << "            "email": "saldo.rush@mail.com"[\n]"
22:56:23,810 DEBUG main wire:wire:73 - http-outgoing-4 << "        },[\n]"
22:56:23,810 DEBUG main wire:wire:73 - http-outgoing-4 << "        {[\n]"
22:56:23,810 DEBUG main wire:wire:73 - http-outgoing-4 << "            "id": "4",[\n]"
22:56:23,810 DEBUG main wire:wire:73 - http-outgoing-4 << "            "username": "simon",[\n]"
22:56:23,810 DEBUG main wire:wire:73 - http-outgoing-4 << "            "realname": "Simon Greath",[\n]"
22:56:23,810 DEBUG main wire:wire:73 - http-outgoing-4 << "            "password": "qbmu76rb",[\n]"
22:56:23,810 DEBUG main wire:wire:73 - http-outgoing-4 << "            "email": "simon.greath@mail.com"[\n]"
22:56:23,825 DEBUG main wire:wire:73 - http-outgoing-4 << "        }[\n]"
22:56:23,825 DEBUG main wire:wire:73 - http-outgoing-4 << "    ][\n]"
22:56:23,825 DEBUG main wire:wire:87 - http-outgoing-4 << "}"
22:56:23,825 DEBUG main headers:onResponseReceived:122 - http-outgoing-4 << HTTP/1.1 200 OK
22:56:23,825 DEBUG main headers:onResponseReceived:125 - http-outgoing-4 << Date: Sat, 20 Jun 2020 19:56:24 GMT
22:56:23,825 DEBUG main headers:onResponseReceived:125 - http-outgoing-4 << Server: Apache/2.4.38 (Debian)
22:56:23,825 DEBUG main headers:onResponseReceived:125 - http-outgoing-4 << X-Powered-By: PHP/7.4.1
22:56:23,825 DEBUG main headers:onResponseReceived:125 - http-outgoing-4 << Content-Length: 1223
22:56:23,825 DEBUG main headers:onResponseReceived:125 - http-outgoing-4 << Keep-Alive: timeout=5, max=100
22:56:23,825 DEBUG main headers:onResponseReceived:125 - http-outgoing-4 << Connection: Keep-Alive
22:56:23,825 DEBUG main headers:onResponseReceived:125 - http-outgoing-4 << Content-Type: application/json; charset=utf-8
22:56:23,825 DEBUG main MainClientExec:execute:285 - Connection can be kept alive for 5000 MILLISECONDS
22:56:23,825 DEBUG main PoolingHttpClientConnectionManager:releaseConnection:344 - Connection [id: 4][route: {}->http://178.124.206.46:8001] can be kept alive for 5.0 seconds
22:56:23,825 DEBUG main DefaultManagedHttpClientConnection:setSocketTimeout:88 - http-outgoing-4: set socket timeout to 0
22:56:23,825 DEBUG main PoolingHttpClientConnectionManager:releaseConnection:351 - Connection released: [id: 4][route: {}->http://178.124.206.46:8001][total available: 1; route allocated: 1 of 2; total allocated: 1 of 20]
22:57:35,992 DEBUG main CommonSteps:setCityDate:41 - Clear the City search field.
 City search field xPath: //input[@id='ss']
22:57:37,903 DEBUG main CommonSteps:setCityDate:44 - Type Oslo to the City search field.
 City search field xPath: //input[@id='ss']
22:57:38,129 DEBUG main CommonSteps:setCityDate:47 - Click the Check In button.
 Check In button xPath: //div[@class='xp__dates-inner']/div[2]//span[@class='sb-date-field__icon sb-date-field__icon-btn bk-svg-wrapper calendar-restructure-sb']
22:57:38,336 DEBUG main CommonSteps:setCityDate:50 - Choose and click the StartDate.
 StartDate xPath: //td[@data-date='" + startDate + "']
22:57:38,543 DEBUG main CommonSteps:setCityDate:53 - Choose and click the EndDate.
 EndDate xPath: //td[@data-date='" + endDate + "']
22:57:38,760 DEBUG main CommonSteps:setGuests:83 - Click Guests toggle.
 Guests toggle xPath: //*[@class='xp__guests__count']
22:57:38,914 DEBUG main CommonSteps:setGuests:86 - Set adults amount = 2
22:57:38,915 DEBUG main CommonSteps:setGuests:88 - Set children amount = 1
22:57:38,915 DEBUG main CommonSteps:setChildren:68 - Click Add children button.
 Add children button xPath: //button[@aria-describedby='group_children_desc'][2]
22:57:39,075 DEBUG main CommonSteps:setGuests:90 - Set rooms amount = 1
22:57:39,076 DEBUG main CommonSteps:submitButtonClick:108 - Click Guests toggle.
 Guests toggle xPath: //*[@class='xp__guests__count']
22:57:43,822 DEBUG main CommonSteps:setThreeStarsHotel:114 - Click Three Stars checkbox.
 Three Stars checkbox xPath: //a[@data-id='class-3']
22:57:45,276 DEBUG main CommonSteps:setFourStarsHotel:120 - Click Four Stars checkbox.
 Four Stars checkbox xPath: //a[@data-id='class-4']
22:57:50,873 DEBUG main ChangeColorSteps:scrollToTenthHotel:17 - Scroll to the tenth hotel.
 Tenth hotel xPath: //div[@id='hotellist_inner']/div[10]
22:57:50,935 DEBUG main ChangeColorSteps:changeTenthHotelNameColor:24 - Change color of the tenth hotel name.
 Tenth hotel name xPath: //div[@id='hotellist_inner']/div[10]//h3/a/span[1]
22:57:51,111 DEBUG main ChangeColorSteps:changeTenthHotelNameColor:24 - Change color of the tenth hotel name.
 Tenth hotel name xPath: //div[@id='hotellist_inner']/div[10]//h3/a/span[1]
